# Logfile created on Tue Dec 22 17:26:40 +0100 2009 by logger.rb/22285
Dec 22 17:26:48 starbuck-2 rails[934]: [4;36;1mSQL (0.2ms)[0m   [0;1mSET SQL_AUTO_IS_NULL=0[0m
Dec 22 17:26:48 starbuck-2 rails[934]: Processing ControllerActionsController#index (for 127.0.0.1 at 2009-12-22 17:26:48) [GET]
Dec 22 17:26:48 starbuck-2 rails[934]: [4;35;1mSQL (0.4ms)[0m   [0mshow tables[0m
Dec 22 17:26:48 starbuck-2 rails[934]: [4;36;1mSQL (59.9ms)[0m   [0;1mcreate table if not exists log_data_2009_12_21 like controller_actions[0m
Dec 22 17:26:48 starbuck-2 rails[934]: [4;35;1mSQL (0.4ms)[0m   [0mSELECT DISTINCT host FROM log_data_2009_12_21 ORDER BY host ASC[0m
Dec 22 17:26:48 starbuck-2 rails[934]: [4;36;1mSQL (0.1ms)[0m   [0;1mSELECT DISTINCT response_code FROM log_data_2009_12_21 ORDER BY response_code ASC[0m
Dec 22 17:26:48 starbuck-2 rails[934]: [4;35;1mSQL (0.5ms)[0m   [0mshow tables[0m
Dec 22 17:26:48 starbuck-2 rails[934]: [4;36;1mControllerAction_2009_12_21 Columns (1.9ms)[0m   [0;1mSHOW FIELDS FROM `log_data_2009_12_21`[0m
Dec 22 17:26:48 starbuck-2 rails[934]: [4;35;1mControllerAction_2009_12_21 Load (0.3ms)[0m   [0mSELECT * FROM `log_data_2009_12_21` LIMIT 1[0m
Dec 22 17:26:48 starbuck-2 rails[934]: [4;36;1mSQL (0.4ms)[0m   [0;1mSELECT minute5, avg(other_time) as other_time, avg(db_time) as db_time, avg(view_time) as view_time FROM log_data_2009_12_21 GROUP BY 1[0m
Dec 22 17:26:48 starbuck-2 rails[934]: Rendering template within layouts/controller_actions
Dec 22 17:26:48 starbuck-2 rails[934]: Rendering /controller_actions/index.html.erb
Dec 22 17:26:48 starbuck-2 rails[934]: [4;35;1mSQL (0.4ms)[0m   [0mshow tables[0m
Dec 22 17:26:48 starbuck-2 rails[934]: [4;36;1mCACHE (0.0ms)[0m   [0;1mSELECT * FROM `log_data_2009_12_21` LIMIT 1[0m
Dec 22 17:26:48 starbuck-2 rails[934]: [4;35;1mControllerAction Columns (1.3ms)[0m   [0mSHOW FIELDS FROM `controller_actions`[0m
Dec 22 17:26:48 starbuck-2 rails[934]: [4;36;1mSQL (0.2ms)[0m   [0;1mselect count(id) from log_data_2009_12_21 [0m
Dec 22 17:26:49 starbuck-2 rails[934]: Completed in 245.425ms (View: 44.733, DB: 66.036(11,1)) | 200 OK [http://localhost/]
Dec 22 17:27:47 starbuck-2 rails[942]: [4;36;1mSQL (0.1ms)[0m   [0;1mSET SQL_AUTO_IS_NULL=0[0m
Dec 22 17:27:47 starbuck-2 rails[942]: [4;35;1mLogfileImportRecord Columns (1.2ms)[0m   [0mSHOW FIELDS FROM `logfile_import_records`[0m
Dec 22 17:27:47 starbuck-2 rails[942]: [4;36;1mLogfileImportRecord Load (0.4ms)[0m   [0;1mSELECT * FROM `logfile_import_records` WHERE (`logfile_import_records`.`md5hash` = 'dddd04ee77e56d97f17d3850a86c2f26') LIMIT 1[0m
Dec 22 17:27:47 starbuck-2 rails[942]: [4;35;1mControllerAction Columns (1.4ms)[0m   [0mSHOW FIELDS FROM `controller_actions`[0m
Dec 22 17:27:47 starbuck-2 rails[942]: [4;36;1mSQL (44.0ms)[0m   [0;1mcreate table if not exists log_data_2009_12_22 like controller_actions[0m
Dec 22 17:27:47 starbuck-2 rails[942]: [4;35;1mSQL (40.0ms)[0m   [0mload data local infile '/tmp/logfile-2009-12-22-942.csv' into table log_data_2009_12_22 fields terminated by ',' (host,process_id,user_id,page,minute1,minute2,minute5,started_at,response_code,total_time,view_time,db_time,other_time,db_calls,db_sql_query_cache_hits) [0m
Dec 22 17:27:47 starbuck-2 rails[942]: [4;36;1mSQL (0.1ms)[0m   [0;1mBEGIN[0m
Dec 22 17:27:47 starbuck-2 rails[942]: [4;35;1mLogfileImportRecord Create (0.3ms)[0m   [0mINSERT INTO `logfile_import_records` (`md5hash`, `created_at`) VALUES('dddd04ee77e56d97f17d3850a86c2f26', '2009-12-22 16:27:47')[0m
Dec 22 17:27:47 starbuck-2 rails[942]: [4;36;1mSQL (0.4ms)[0m   [0;1mCOMMIT[0m
Dec 22 17:27:55 starbuck-2 rails[949]: [4;36;1mSQL (0.2ms)[0m   [0;1mSET SQL_AUTO_IS_NULL=0[0m
Dec 22 17:27:55 starbuck-2 rails[949]: Processing ControllerActionsController#index (for 127.0.0.1 at 2009-12-22 17:27:55) [GET]
Dec 22 17:27:55 starbuck-2 rails[949]: [4;35;1mSQL (0.5ms)[0m   [0mshow tables[0m
Dec 22 17:27:55 starbuck-2 rails[949]: [4;36;1mSQL (0.1ms)[0m   [0;1mcreate table if not exists log_data_2009_12_22 like controller_actions[0m
Dec 22 17:27:55 starbuck-2 rails[949]: [4;35;1mControllerAction_2009_12_22 Columns (1.3ms)[0m   [0mSHOW FIELDS FROM `log_data_2009_12_22`[0m
Dec 22 17:27:55 starbuck-2 rails[949]: [4;36;1mControllerAction_2009_12_22 Load (0.3ms)[0m   [0;1mSELECT * FROM `log_data_2009_12_22` LIMIT 1[0m
Dec 22 17:27:55 starbuck-2 rails[949]: [4;35;1mSQL (0.1ms)[0m   [0mcreate table if not exists log_data_2009_12_21 like controller_actions[0m
Dec 22 17:27:55 starbuck-2 rails[949]: [4;36;1mControllerAction_2009_12_21 Columns (41.3ms)[0m   [0;1mSHOW FIELDS FROM `log_data_2009_12_21`[0m
Dec 22 17:27:55 starbuck-2 rails[949]: [4;35;1mControllerAction_2009_12_21 Load (0.5ms)[0m   [0mSELECT * FROM `log_data_2009_12_21` LIMIT 1[0m
Dec 22 17:27:55 starbuck-2 rails[949]: [4;36;1mSQL (0.2ms)[0m   [0;1mSELECT DISTINCT host FROM log_data_2009_12_21 ORDER BY host ASC[0m
Dec 22 17:27:55 starbuck-2 rails[949]: [4;35;1mSQL (0.1ms)[0m   [0mSELECT DISTINCT response_code FROM log_data_2009_12_21 ORDER BY response_code ASC[0m
Dec 22 17:27:55 starbuck-2 rails[949]: [4;36;1mSQL (0.5ms)[0m   [0;1mshow tables[0m
Dec 22 17:27:55 starbuck-2 rails[949]: [4;35;1mCACHE (0.0ms)[0m   [0mSELECT * FROM `log_data_2009_12_22` LIMIT 1[0m
Dec 22 17:27:55 starbuck-2 rails[949]: [4;36;1mCACHE (0.0ms)[0m   [0;1mSELECT * FROM `log_data_2009_12_21` LIMIT 1[0m
Dec 22 17:27:55 starbuck-2 rails[949]: [4;35;1mSQL (0.4ms)[0m   [0mSELECT minute5, avg(other_time) as other_time, avg(db_time) as db_time, avg(view_time) as view_time FROM log_data_2009_12_21 GROUP BY 1[0m
Dec 22 17:27:56 starbuck-2 rails[949]: Rendering template within layouts/controller_actions
Dec 22 17:27:56 starbuck-2 rails[949]: Rendering /controller_actions/index.html.erb
Dec 22 17:27:56 starbuck-2 rails[949]: [4;36;1mSQL (0.4ms)[0m   [0;1mshow tables[0m
Dec 22 17:27:56 starbuck-2 rails[949]: [4;35;1mCACHE (0.0ms)[0m   [0mSELECT * FROM `log_data_2009_12_22` LIMIT 1[0m
Dec 22 17:27:56 starbuck-2 rails[949]: [4;36;1mCACHE (0.0ms)[0m   [0;1mSELECT * FROM `log_data_2009_12_21` LIMIT 1[0m
Dec 22 17:27:56 starbuck-2 rails[949]: [4;35;1mControllerAction Columns (1.3ms)[0m   [0mSHOW FIELDS FROM `controller_actions`[0m
Dec 22 17:27:56 starbuck-2 rails[949]: [4;36;1mSQL (0.2ms)[0m   [0;1mselect count(id) from log_data_2009_12_21 [0m
Dec 22 17:27:56 starbuck-2 rails[949]: Completed in 228.835ms (View: 44.071, DB: 47.223(14,2)) | 200 OK [http://localhost/]
Dec 22 17:28:05 starbuck-2 rails[949]: [4;35;1mSQL (0.2ms)[0m   [0mSET SQL_AUTO_IS_NULL=0[0m
Dec 22 17:28:05 starbuck-2 rails[949]: Processing ControllerActionsController#index (for 127.0.0.1 at 2009-12-22 17:28:05) [GET]
Dec 22 17:28:05 starbuck-2 rails[949]: Parameters: {"response"=>"", "commit"=>"GO", "grouping_function"=>"sum", "starts_at"=>"2009-12-22", "resource"=>"total_time", "grouping"=>"page", "server"=>"", "user_id"=>"", "controller_action"=>{"page"=>""}, "interval"=>"5"}
Dec 22 17:28:05 starbuck-2 rails[949]: Redirected to http://localhost:3000/2009/12/22?controller_action%5Bpage%5D=&grouping=page&grouping_function=sum&interval=5&resource=total_time
Dec 22 17:28:05 starbuck-2 rails[949]: Filter chain halted as [:redirect_to_clean_url] rendered_or_redirected.
Dec 22 17:28:05 starbuck-2 rails[949]: Completed in 0.758ms (View: 0.000, DB: 0.000(0,0)) | 302 Found [http://localhost/?starts_at=2009-12-22&server=&response=&user_id=&controller_action%5Bpage%5D=&interval=5&resource=total_time&grouping=page&grouping_function=sum&commit=GO]
Dec 22 17:28:05 starbuck-2 rails[949]: [4;36;1mSQL (0.1ms)[0m   [0;1mSET SQL_AUTO_IS_NULL=0[0m
Dec 22 17:28:05 starbuck-2 rails[949]: Processing ControllerActionsController#index (for 127.0.0.1 at 2009-12-22 17:28:05) [GET]
Dec 22 17:28:05 starbuck-2 rails[949]: Parameters: {"month"=>"12", "grouping_function"=>"sum", "grouping"=>"page", "resource"=>"total_time", "day"=>"22", "year"=>"2009", "controller_action"=>{"page"=>""}, "interval"=>"5"}
Dec 22 17:28:05 starbuck-2 rails[949]: [4;35;1mSQL (0.3ms)[0m   [0mSELECT DISTINCT host FROM log_data_2009_12_22 ORDER BY host ASC[0m
Dec 22 17:28:05 starbuck-2 rails[949]: [4;36;1mSQL (0.1ms)[0m   [0;1mSELECT DISTINCT response_code FROM log_data_2009_12_22 ORDER BY response_code ASC[0m
Dec 22 17:28:05 starbuck-2 rails[949]: [4;35;1mSQL (0.4ms)[0m   [0mshow tables[0m
Dec 22 17:28:05 starbuck-2 rails[949]: [4;36;1mControllerAction_2009_12_22 Load (0.2ms)[0m   [0;1mSELECT * FROM `log_data_2009_12_22` LIMIT 1[0m
Dec 22 17:28:05 starbuck-2 rails[949]: [4;35;1mControllerAction_2009_12_21 Load (0.2ms)[0m   [0mSELECT * FROM `log_data_2009_12_21` LIMIT 1[0m
Dec 22 17:28:06 starbuck-2 rails[949]: [4;36;1mSQL (5.8ms)[0m   [0;1mSELECT minute5, avg(other_time) as other_time, avg(db_time) as db_time, avg(view_time) as view_time FROM log_data_2009_12_22 GROUP BY 1[0m
Dec 22 17:28:06 starbuck-2 rails[949]: Rendering template within layouts/controller_actions
Dec 22 17:28:06 starbuck-2 rails[949]: Rendering /controller_actions/index.html.erb
Dec 22 17:28:06 starbuck-2 rails[949]: [4;35;1mSQL (0.5ms)[0m   [0mshow tables[0m
Dec 22 17:28:06 starbuck-2 rails[949]: [4;36;1mCACHE (0.0ms)[0m   [0;1mSELECT * FROM `log_data_2009_12_22` LIMIT 1[0m
Dec 22 17:28:06 starbuck-2 rails[949]: [4;35;1mCACHE (0.0ms)[0m   [0mSELECT * FROM `log_data_2009_12_21` LIMIT 1[0m
Dec 22 17:28:06 starbuck-2 rails[949]: [4;36;1mControllerAction Columns (1.5ms)[0m   [0;1mSHOW FIELDS FROM `controller_actions`[0m
Dec 22 17:28:06 starbuck-2 rails[949]: [4;35;1mSQL (0.2ms)[0m   [0mselect count(id) from log_data_2009_12_22 [0m
Dec 22 17:28:06 starbuck-2 rails[949]: [4;36;1mSQL (0.3ms)[0m   [0;1mSELECT count(*) AS count_all FROM `log_data_2009_12_22` [0m
Dec 22 17:28:06 starbuck-2 rails[949]: [4;35;1mSQL (0.2ms)[0m   [0mselect count(distinct user_id) from log_data_2009_12_22 [0m
Dec 22 17:28:06 starbuck-2 rails[949]: [4;36;1mSQL (0.2ms)[0m   [0;1mselect count(distinct user_id) from log_data_2009_12_22[0m
Dec 22 17:28:06 starbuck-2 rails[949]: [4;35;1mSQL (0.3ms)[0m   [0mSELECT avg(other_time) as avg_other_time, avg(db_time) as avg_db_time, avg(view_time) as avg_view_time, avg(total_time) as avg_total_time, stddev_pop(other_time) as std_other_time, stddev_pop(db_time) as std_db_time, stddev_pop(view_time) as std_view_time, stddev_pop(total_time) as std_total_time FROM log_data_2009_12_22 [0m
Dec 22 17:28:06 starbuck-2 rails[949]: [4;36;1mSQL (0.3ms)[0m   [0;1mSELECT avg(total_time) FROM (SELECT total_time FROM log_data_2009_12_22 ORDER BY total_time LIMIT 1 OFFSET 0) AS log[0m
Dec 22 17:28:06 starbuck-2 rails[949]: [4;35;1mSQL (0.2ms)[0m   [0mSELECT avg(total_time) FROM (SELECT total_time FROM log_data_2009_12_22 ORDER BY total_time LIMIT 0 OFFSET 1) AS log[0m
Dec 22 17:28:06 starbuck-2 rails[949]: [4;36;1mCACHE (0.0ms)[0m   [0;1mSELECT avg(total_time) FROM (SELECT total_time FROM log_data_2009_12_22 ORDER BY total_time LIMIT 0 OFFSET 1) AS log[0m
Dec 22 17:28:06 starbuck-2 rails[949]: [4;35;1mCACHE (0.0ms)[0m   [0mSELECT avg(total_time) FROM (SELECT total_time FROM log_data_2009_12_22 ORDER BY total_time LIMIT 0 OFFSET 1) AS log[0m
Dec 22 17:28:06 starbuck-2 rails[949]: [4;36;1mCACHE (0.0ms)[0m   [0;1mSELECT avg(total_time) FROM (SELECT total_time FROM log_data_2009_12_22 ORDER BY total_time LIMIT 0 OFFSET 1) AS log[0m
Dec 22 17:28:06 starbuck-2 rails[949]: [4;35;1mSQL (0.2ms)[0m   [0mselect count(id) from log_data_2009_12_22 WHERE (total_time < 100)[0m
Dec 22 17:28:06 starbuck-2 rails[949]: [4;36;1mSQL (0.1ms)[0m   [0;1mselect count(id) from log_data_2009_12_22 WHERE (total_time < 500)[0m
Dec 22 17:28:06 starbuck-2 rails[949]: [4;35;1mSQL (0.1ms)[0m   [0mselect count(id) from log_data_2009_12_22 WHERE (total_time >= 500 and total_time < 2000)[0m
Dec 22 17:28:06 starbuck-2 rails[949]: [4;36;1mSQL (0.1ms)[0m   [0;1mselect count(id) from log_data_2009_12_22 WHERE ((total_time >= 2000) or (response_code = 500))[0m
Dec 22 17:28:06 starbuck-2 rails[949]: [4;35;1mControllerAction_2009_12_22 Load (0.3ms)[0m   [0mSELECT page, count(id) AS number_of_requests, sum(total_time) AS sum, avg(total_time) AS avg, stddev_pop(total_time) AS stddev FROM log_data_2009_12_22 GROUP BY page ORDER BY sum DESC LIMIT 35[0m
Dec 22 17:28:06 starbuck-2 rails[949]: [4;36;1mSQL (0.3ms)[0m   [0;1mselect sum(total_time) from log_data_2009_12_22 [0m
Dec 22 17:28:06 starbuck-2 rails[949]: Rendered controller_actions/_statistics (83.5ms)
Dec 22 17:28:06 starbuck-2 rails[949]: Completed in 217.055ms (View: 113.768, DB: 11.810(21,5)) | 200 OK [http://localhost/2009/12/22?controller_action%5Bpage%5D=&grouping=page&grouping_function=sum&interval=5&resource=total_time]
Dec 22 17:28:48 starbuck-2 rails[958]: [4;36;1mSQL (0.2ms)[0m   [0;1mSET SQL_AUTO_IS_NULL=0[0m
Dec 22 17:28:48 starbuck-2 rails[958]: Processing ControllerActionsController#index (for 127.0.0.1 at 2009-12-22 17:28:48) [GET]
Dec 22 17:28:48 starbuck-2 rails[958]: Parameters: {"month"=>"12", "grouping_function"=>"sum", "grouping"=>"page", "resource"=>"total_time", "day"=>"22", "year"=>"2009", "controller_action"=>{"page"=>""}, "interval"=>"5"}
Dec 22 17:28:48 starbuck-2 rails[958]: [4;35;1mSQL (0.2ms)[0m   [0mcreate table if not exists log_data_2009_12_22 like controller_actions[0m
Dec 22 17:28:48 starbuck-2 rails[958]: [4;36;1mSQL (0.3ms)[0m   [0;1mSELECT DISTINCT host FROM log_data_2009_12_22 ORDER BY host ASC[0m
Dec 22 17:28:48 starbuck-2 rails[958]: [4;35;1mSQL (0.1ms)[0m   [0mSELECT DISTINCT response_code FROM log_data_2009_12_22 ORDER BY response_code ASC[0m
Dec 22 17:28:48 starbuck-2 rails[958]: [4;36;1mSQL (0.4ms)[0m   [0;1mshow tables[0m
Dec 22 17:28:48 starbuck-2 rails[958]: [4;35;1mControllerAction_2009_12_22 Columns (1.6ms)[0m   [0mSHOW FIELDS FROM `log_data_2009_12_22`[0m
Dec 22 17:28:48 starbuck-2 rails[958]: [4;36;1mControllerAction_2009_12_22 Load (0.4ms)[0m   [0;1mSELECT * FROM `log_data_2009_12_22` LIMIT 1[0m
Dec 22 17:28:48 starbuck-2 rails[958]: [4;35;1mSQL (0.3ms)[0m   [0mcreate table if not exists log_data_2009_12_21 like controller_actions[0m
Dec 22 17:28:48 starbuck-2 rails[958]: [4;36;1mControllerAction_2009_12_21 Columns (1.3ms)[0m   [0;1mSHOW FIELDS FROM `log_data_2009_12_21`[0m
Dec 22 17:28:48 starbuck-2 rails[958]: [4;35;1mControllerAction_2009_12_21 Load (0.2ms)[0m   [0mSELECT * FROM `log_data_2009_12_21` LIMIT 1[0m
Dec 22 17:28:48 starbuck-2 rails[958]: [4;36;1mSQL (0.5ms)[0m   [0;1mSELECT minute5, avg(other_time) as other_time, avg(db_time) as db_time, avg(view_time) as view_time FROM log_data_2009_12_22 GROUP BY 1[0m
Dec 22 17:28:48 starbuck-2 rails[958]: Rendering template within layouts/controller_actions
Dec 22 17:28:48 starbuck-2 rails[958]: Rendering /controller_actions/index.html.erb
Dec 22 17:28:48 starbuck-2 rails[958]: [4;35;1mSQL (0.5ms)[0m   [0mshow tables[0m
Dec 22 17:28:48 starbuck-2 rails[958]: [4;36;1mCACHE (0.0ms)[0m   [0;1mSELECT * FROM `log_data_2009_12_22` LIMIT 1[0m
Dec 22 17:28:48 starbuck-2 rails[958]: [4;35;1mCACHE (0.0ms)[0m   [0mSELECT * FROM `log_data_2009_12_21` LIMIT 1[0m
Dec 22 17:28:48 starbuck-2 rails[958]: [4;36;1mControllerAction Columns (1.5ms)[0m   [0;1mSHOW FIELDS FROM `controller_actions`[0m
Dec 22 17:28:48 starbuck-2 rails[958]: [4;35;1mSQL (0.2ms)[0m   [0mselect count(id) from log_data_2009_12_22 [0m
Dec 22 17:28:48 starbuck-2 rails[958]: [4;36;1mSQL (0.1ms)[0m   [0;1mSELECT count(*) AS count_all FROM `log_data_2009_12_22` [0m
Dec 22 17:28:48 starbuck-2 rails[958]: [4;35;1mSQL (0.2ms)[0m   [0mselect count(distinct user_id) from log_data_2009_12_22 [0m
Dec 22 17:28:48 starbuck-2 rails[958]: [4;36;1mSQL (0.1ms)[0m   [0;1mselect count(distinct user_id) from log_data_2009_12_22[0m
Dec 22 17:28:48 starbuck-2 rails[958]: [4;35;1mSQL (0.2ms)[0m   [0mSELECT avg(other_time) as avg_other_time, avg(db_time) as avg_db_time, avg(view_time) as avg_view_time, avg(total_time) as avg_total_time, stddev_pop(other_time) as std_other_time, stddev_pop(db_time) as std_db_time, stddev_pop(view_time) as std_view_time, stddev_pop(total_time) as std_total_time FROM log_data_2009_12_22 [0m
Dec 22 17:28:48 starbuck-2 rails[958]: [4;36;1mSQL (0.2ms)[0m   [0;1mSELECT avg(total_time) FROM (SELECT total_time FROM log_data_2009_12_22 ORDER BY total_time LIMIT 1 OFFSET 0) AS log[0m
Dec 22 17:28:48 starbuck-2 rails[958]: [4;35;1mSQL (0.1ms)[0m   [0mSELECT avg(total_time) FROM (SELECT total_time FROM log_data_2009_12_22 ORDER BY total_time LIMIT 0 OFFSET 1) AS log[0m
Dec 22 17:28:48 starbuck-2 rails[958]: [4;36;1mCACHE (0.0ms)[0m   [0;1mSELECT avg(total_time) FROM (SELECT total_time FROM log_data_2009_12_22 ORDER BY total_time LIMIT 0 OFFSET 1) AS log[0m
Dec 22 17:28:48 starbuck-2 rails[958]: [4;35;1mCACHE (0.0ms)[0m   [0mSELECT avg(total_time) FROM (SELECT total_time FROM log_data_2009_12_22 ORDER BY total_time LIMIT 0 OFFSET 1) AS log[0m
Dec 22 17:28:48 starbuck-2 rails[958]: [4;36;1mCACHE (0.0ms)[0m   [0;1mSELECT avg(total_time) FROM (SELECT total_time FROM log_data_2009_12_22 ORDER BY total_time LIMIT 0 OFFSET 1) AS log[0m
Dec 22 17:28:48 starbuck-2 rails[958]: [4;35;1mSQL (0.1ms)[0m   [0mselect count(id) from log_data_2009_12_22 WHERE (total_time < 100)[0m
Dec 22 17:28:48 starbuck-2 rails[958]: [4;36;1mSQL (0.1ms)[0m   [0;1mselect count(id) from log_data_2009_12_22 WHERE (total_time < 500)[0m
Dec 22 17:28:48 starbuck-2 rails[958]: [4;35;1mSQL (0.1ms)[0m   [0mselect count(id) from log_data_2009_12_22 WHERE (total_time >= 500 and total_time < 2000)[0m
Dec 22 17:28:48 starbuck-2 rails[958]: [4;36;1mSQL (0.1ms)[0m   [0;1mselect count(id) from log_data_2009_12_22 WHERE ((total_time >= 2000) or (response_code = 500))[0m
Dec 22 17:28:48 starbuck-2 rails[958]: [4;35;1mControllerAction_2009_12_22 Load (0.3ms)[0m   [0mSELECT page, count(id) AS number_of_requests, sum(total_time) AS sum, avg(total_time) AS avg, stddev_pop(total_time) AS stddev FROM log_data_2009_12_22 GROUP BY page ORDER BY sum DESC LIMIT 35[0m
Dec 22 17:28:48 starbuck-2 rails[958]: [4;36;1mSQL (0.2ms)[0m   [0;1mselect sum(total_time) from log_data_2009_12_22 [0m
Dec 22 17:28:48 starbuck-2 rails[958]: Rendered controller_actions/_statistics (7.5ms)
Dec 22 17:28:48 starbuck-2 rails[958]: Completed in 223.161ms (View: 72.161, DB: 9.577(25,5)) | 200 OK [http://localhost/2009/12/22?controller_action%5Bpage%5D=&grouping=page&grouping_function=sum&interval=5&resource=total_time]
Dec 22 17:28:57 starbuck-2 rails[958]: [4;35;1mSQL (0.1ms)[0m   [0mSET SQL_AUTO_IS_NULL=0[0m
Dec 22 17:28:57 starbuck-2 rails[958]: Processing ControllerActionsController#index (for 127.0.0.1 at 2009-12-22 17:28:57) [GET]
Dec 22 17:28:57 starbuck-2 rails[958]: Parameters: {"response"=>"", "commit"=>"GO", "month"=>"12", "grouping_function"=>"sum", "starts_at"=>"2009-12-22", "resource"=>"db_sql_query_cache_hits", "grouping"=>"page", "server"=>"", "day"=>"22", "user_id"=>"", "year"=>"2009", "controller_action"=>{"page"=>""}, "interval"=>"5"}
Dec 22 17:28:57 starbuck-2 rails[958]: Redirected to http://localhost:3000/2009/12/22?controller_action%5Bpage%5D=&grouping=page&grouping_function=sum&interval=5&resource=db_sql_query_cache_hits
Dec 22 17:28:57 starbuck-2 rails[958]: Filter chain halted as [:redirect_to_clean_url] rendered_or_redirected.
Dec 22 17:28:57 starbuck-2 rails[958]: Completed in 0.911ms (View: 0.000, DB: 0.000(0,0)) | 302 Found [http://localhost/2009/12/22?starts_at=2009-12-22&server=&response=&user_id=&controller_action%5Bpage%5D=&interval=5&resource=db_sql_query_cache_hits&grouping=page&grouping_function=sum&commit=GO]
Dec 22 17:28:57 starbuck-2 rails[958]: [4;36;1mSQL (0.1ms)[0m   [0;1mSET SQL_AUTO_IS_NULL=0[0m
Dec 22 17:28:57 starbuck-2 rails[958]: Processing ControllerActionsController#index (for 127.0.0.1 at 2009-12-22 17:28:57) [GET]
Dec 22 17:28:57 starbuck-2 rails[958]: Parameters: {"month"=>"12", "grouping_function"=>"sum", "grouping"=>"page", "resource"=>"db_sql_query_cache_hits", "day"=>"22", "year"=>"2009", "controller_action"=>{"page"=>""}, "interval"=>"5"}
Dec 22 17:28:57 starbuck-2 rails[958]: [4;35;1mSQL (0.4ms)[0m   [0mSELECT DISTINCT host FROM log_data_2009_12_22 ORDER BY host ASC[0m
Dec 22 17:28:57 starbuck-2 rails[958]: [4;36;1mSQL (0.2ms)[0m   [0;1mSELECT DISTINCT response_code FROM log_data_2009_12_22 ORDER BY response_code ASC[0m
Dec 22 17:28:57 starbuck-2 rails[958]: [4;35;1mSQL (0.5ms)[0m   [0mshow tables[0m
Dec 22 17:28:57 starbuck-2 rails[958]: [4;36;1mControllerAction_2009_12_22 Load (5.0ms)[0m   [0;1mSELECT * FROM `log_data_2009_12_22` LIMIT 1[0m
Dec 22 17:28:57 starbuck-2 rails[958]: [4;35;1mControllerAction_2009_12_21 Load (0.3ms)[0m   [0mSELECT * FROM `log_data_2009_12_21` LIMIT 1[0m
Dec 22 17:28:57 starbuck-2 rails[958]: [4;36;1mSQL (3.0ms)[0m   [0;1mSELECT minute5, avg(db_calls) as db_calls, avg(db_sql_query_cache_hits) as db_sql_query_cache_hits FROM log_data_2009_12_22 GROUP BY 1[0m
Dec 22 17:28:57 starbuck-2 rails[958]: Rendering template within layouts/controller_actions
Dec 22 17:28:57 starbuck-2 rails[958]: Rendering /controller_actions/index.html.erb
Dec 22 17:28:57 starbuck-2 rails[958]: [4;35;1mSQL (0.4ms)[0m   [0mshow tables[0m
Dec 22 17:28:57 starbuck-2 rails[958]: [4;36;1mCACHE (0.0ms)[0m   [0;1mSELECT * FROM `log_data_2009_12_22` LIMIT 1[0m
Dec 22 17:28:57 starbuck-2 rails[958]: [4;35;1mCACHE (0.0ms)[0m   [0mSELECT * FROM `log_data_2009_12_21` LIMIT 1[0m
Dec 22 17:28:57 starbuck-2 rails[958]: [4;36;1mControllerAction Columns (1.4ms)[0m   [0;1mSHOW FIELDS FROM `controller_actions`[0m
Dec 22 17:28:57 starbuck-2 rails[958]: [4;35;1mSQL (0.2ms)[0m   [0mselect count(id) from log_data_2009_12_22 [0m
Dec 22 17:28:57 starbuck-2 rails[958]: [4;36;1mSQL (0.2ms)[0m   [0;1mSELECT count(*) AS count_all FROM `log_data_2009_12_22` [0m
Dec 22 17:28:57 starbuck-2 rails[958]: [4;35;1mSQL (0.2ms)[0m   [0mselect count(distinct user_id) from log_data_2009_12_22 [0m
Dec 22 17:28:57 starbuck-2 rails[958]: [4;36;1mSQL (0.1ms)[0m   [0;1mselect count(distinct user_id) from log_data_2009_12_22[0m
Dec 22 17:28:57 starbuck-2 rails[958]: [4;35;1mControllerAction_2009_12_22 Load (0.3ms)[0m   [0mSELECT page, count(id) AS number_of_requests, sum(db_sql_query_cache_hits) AS sum, avg(db_sql_query_cache_hits) AS avg, stddev_pop(db_sql_query_cache_hits) AS stddev FROM log_data_2009_12_22 GROUP BY page ORDER BY sum DESC LIMIT 35[0m
Dec 22 17:28:57 starbuck-2 rails[958]: Rendered controller_actions/_statistics (3.4ms)
Dec 22 17:28:57 starbuck-2 rails[958]: Completed in 214.176ms (View: 107.777, DB: 12.165(13,2)) | 200 OK [http://localhost/2009/12/22?controller_action%5Bpage%5D=&grouping=page&grouping_function=sum&interval=5&resource=db_sql_query_cache_hits]
Dec 22 17:29:12 starbuck-2 rails[958]: [4;36;1mSQL (0.1ms)[0m   [0;1mSET SQL_AUTO_IS_NULL=0[0m
Dec 22 17:29:12 starbuck-2 rails[958]: Processing ControllerActionsController#index (for 127.0.0.1 at 2009-12-22 17:29:12) [GET]
Dec 22 17:29:12 starbuck-2 rails[958]: Parameters: {"response"=>"", "commit"=>"GO", "month"=>"12", "grouping_function"=>"sum", "starts_at"=>"2009-12-22", "resource"=>"requests", "grouping"=>"page", "server"=>"", "day"=>"22", "user_id"=>"", "year"=>"2009", "controller_action"=>{"page"=>""}, "interval"=>"5"}
Dec 22 17:29:12 starbuck-2 rails[958]: Redirected to http://localhost:3000/2009/12/22?controller_action%5Bpage%5D=&grouping=page&grouping_function=sum&interval=5&resource=requests
Dec 22 17:29:12 starbuck-2 rails[958]: Filter chain halted as [:redirect_to_clean_url] rendered_or_redirected.
Dec 22 17:29:12 starbuck-2 rails[958]: Completed in 1.055ms (View: 0.000, DB: 0.000(0,0)) | 302 Found [http://localhost/2009/12/22?starts_at=2009-12-22&server=&response=&user_id=&controller_action%5Bpage%5D=&interval=5&resource=requests&grouping=page&grouping_function=sum&commit=GO]
Dec 22 17:29:12 starbuck-2 rails[958]: [4;35;1mSQL (0.1ms)[0m   [0mSET SQL_AUTO_IS_NULL=0[0m
Dec 22 17:29:12 starbuck-2 rails[958]: Processing ControllerActionsController#index (for 127.0.0.1 at 2009-12-22 17:29:12) [GET]
Dec 22 17:29:12 starbuck-2 rails[958]: Parameters: {"month"=>"12", "grouping_function"=>"sum", "grouping"=>"page", "resource"=>"requests", "day"=>"22", "year"=>"2009", "controller_action"=>{"page"=>""}, "interval"=>"5"}
Dec 22 17:29:12 starbuck-2 rails[958]: [4;36;1mSQL (0.3ms)[0m   [0;1mSELECT DISTINCT host FROM log_data_2009_12_22 ORDER BY host ASC[0m
Dec 22 17:29:12 starbuck-2 rails[958]: [4;35;1mSQL (0.1ms)[0m   [0mSELECT DISTINCT response_code FROM log_data_2009_12_22 ORDER BY response_code ASC[0m
Dec 22 17:29:12 starbuck-2 rails[958]: [4;36;1mSQL (0.4ms)[0m   [0;1mshow tables[0m
Dec 22 17:29:12 starbuck-2 rails[958]: [4;35;1mControllerAction_2009_12_22 Load (0.2ms)[0m   [0mSELECT * FROM `log_data_2009_12_22` LIMIT 1[0m
Dec 22 17:29:12 starbuck-2 rails[958]: [4;36;1mControllerAction_2009_12_21 Load (0.6ms)[0m   [0;1mSELECT * FROM `log_data_2009_12_21` LIMIT 1[0m
Dec 22 17:29:12 starbuck-2 rails[958]: [4;35;1mSQL (0.5ms)[0m   [0mSELECT minute5, count(1) as requests FROM log_data_2009_12_22 GROUP BY 1[0m
Dec 22 17:29:12 starbuck-2 rails[958]: Rendering template within layouts/controller_actions
Dec 22 17:29:12 starbuck-2 rails[958]: Rendering /controller_actions/index.html.erb
Dec 22 17:29:12 starbuck-2 rails[958]: [4;36;1mSQL (0.5ms)[0m   [0;1mshow tables[0m
Dec 22 17:29:12 starbuck-2 rails[958]: [4;35;1mCACHE (0.0ms)[0m   [0mSELECT * FROM `log_data_2009_12_22` LIMIT 1[0m
Dec 22 17:29:12 starbuck-2 rails[958]: [4;36;1mCACHE (0.0ms)[0m   [0;1mSELECT * FROM `log_data_2009_12_21` LIMIT 1[0m
Dec 22 17:29:12 starbuck-2 rails[958]: [4;35;1mControllerAction Columns (258.0ms)[0m   [0mSHOW FIELDS FROM `controller_actions`[0m
Dec 22 17:29:12 starbuck-2 rails[958]: [4;36;1mSQL (0.3ms)[0m   [0;1mselect count(id) from log_data_2009_12_22 [0m
Dec 22 17:29:12 starbuck-2 rails[958]: [4;35;1mSQL (0.2ms)[0m   [0mSELECT count(*) AS count_all FROM `log_data_2009_12_22` [0m
Dec 22 17:29:12 starbuck-2 rails[958]: [4;36;1mSQL (0.2ms)[0m   [0;1mselect count(distinct user_id) from log_data_2009_12_22 [0m
Dec 22 17:29:12 starbuck-2 rails[958]: [4;35;1mSQL (0.1ms)[0m   [0mselect count(distinct user_id) from log_data_2009_12_22[0m
Dec 22 17:29:12 starbuck-2 rails[958]: [4;36;1mControllerAction_2009_12_22 Load (0.2ms)[0m   [0;1mSELECT page, count(id) AS number_of_requests FROM log_data_2009_12_22 GROUP BY page ORDER BY number_of_requests DESC LIMIT 35[0m
Dec 22 17:29:12 starbuck-2 rails[958]: Rendered controller_actions/_statistics (4.4ms)
Dec 22 17:29:12 starbuck-2 rails[958]: Completed in 371.542ms (View: 24.145, DB: 261.561(13,2)) | 200 OK [http://localhost/2009/12/22?controller_action%5Bpage%5D=&grouping=page&grouping_function=sum&interval=5&resource=requests]
Dec 22 17:29:31 starbuck-2 rails[966]: [4;36;1mSQL (0.1ms)[0m   [0;1mSET SQL_AUTO_IS_NULL=0[0m
Dec 22 17:29:31 starbuck-2 rails[966]: [4;35;1mSQL (0.3ms)[0m   [0mSHOW TABLES[0m
Dec 22 17:29:31 starbuck-2 rails[966]: [4;36;1mSQL (45.1ms)[0m   [0;1mCREATE TABLE `schema_migrations` (`version` varchar(255) NOT NULL) ENGINE=InnoDB[0m
Dec 22 17:29:31 starbuck-2 rails[966]: [4;35;1mSQL (155.2ms)[0m   [0mCREATE UNIQUE INDEX `unique_schema_migrations` ON `schema_migrations` (`version`)[0m
Dec 22 17:29:31 starbuck-2 rails[966]: [4;36;1mSQL (0.4ms)[0m   [0;1mSHOW TABLES[0m
Dec 22 17:29:31 starbuck-2 rails[966]: [4;35;1mSQL (0.3ms)[0m   [0mSELECT version FROM schema_migrations[0m
Dec 22 17:29:31 starbuck-2 rails[966]: Migrating to CreateControllerActions (20090708080254)
Dec 22 17:29:31 starbuck-2 rails[966]: [4;36;1mSQL (60.4ms)[0m   [0;1mCREATE TABLE `controller_actions` (`id` int(11) DEFAULT NULL auto_increment PRIMARY KEY, `host` varchar(255) NOT NULL, `process_id` int(11) NOT NULL, `user_id` int(11) NOT NULL, `page` varchar(255) NOT NULL, `minute1` int(11) NOT NULL, `minute2` int(11) NOT NULL, `minute5` int(11) NOT NULL, `started_at` datetime NOT NULL, `response_code` int(11) NOT NULL, `total_time` float NOT NULL, `view_time` float NOT NULL, `db_time` float NOT NULL, `other_time` float NOT NULL, `db_calls` int(11) NOT NULL, `db_sql_query_cache_hits` int(11) NOT NULL) ENGINE=MyISAM[0m
Dec 22 17:29:31 starbuck-2 rails[966]: [4;35;1mSQL (0.5ms)[0m   [0mINSERT INTO schema_migrations (version) VALUES ('20090708080254')[0m
Dec 22 17:29:31 starbuck-2 rails[966]: Migrating to AddIndexesToControllerActions (20090709085133)
Dec 22 17:29:31 starbuck-2 rails[966]: [4;36;1mSQL (98.8ms)[0m   [0;1mCREATE INDEX `index_controller_actions_on_page` ON `controller_actions` (`page`)[0m
Dec 22 17:29:31 starbuck-2 rails[966]: [4;35;1mSQL (89.1ms)[0m   [0mCREATE INDEX `index_controller_actions_on_host` ON `controller_actions` (`host`)[0m
Dec 22 17:29:31 starbuck-2 rails[966]: [4;36;1mSQL (77.0ms)[0m   [0;1mCREATE INDEX `index_controller_actions_on_response_code` ON `controller_actions` (`response_code`)[0m
Dec 22 17:29:32 starbuck-2 rails[966]: [4;35;1mSQL (78.0ms)[0m   [0mCREATE INDEX `index_controller_actions_on_user_id` ON `controller_actions` (`user_id`)[0m
Dec 22 17:29:32 starbuck-2 rails[966]: [4;36;1mSQL (78.2ms)[0m   [0;1mCREATE INDEX `index_controller_actions_on_minute1` ON `controller_actions` (`minute1`)[0m
Dec 22 17:29:32 starbuck-2 rails[966]: [4;35;1mSQL (77.0ms)[0m   [0mCREATE INDEX `index_controller_actions_on_minute2` ON `controller_actions` (`minute2`)[0m
Dec 22 17:29:32 starbuck-2 rails[966]: [4;36;1mSQL (77.3ms)[0m   [0;1mCREATE INDEX `index_controller_actions_on_minute5` ON `controller_actions` (`minute5`)[0m
Dec 22 17:29:32 starbuck-2 rails[966]: [4;35;1mSQL (78.5ms)[0m   [0mCREATE INDEX `index_controller_actions_on_total_time` ON `controller_actions` (`total_time`)[0m
Dec 22 17:29:32 starbuck-2 rails[966]: [4;36;1mSQL (88.5ms)[0m   [0;1mCREATE INDEX `index_controller_actions_on_other_time` ON `controller_actions` (`other_time`)[0m
Dec 22 17:29:32 starbuck-2 rails[966]: [4;35;1mSQL (78.4ms)[0m   [0mCREATE INDEX `index_controller_actions_on_view_time` ON `controller_actions` (`view_time`)[0m
Dec 22 17:29:32 starbuck-2 rails[966]: [4;36;1mSQL (77.9ms)[0m   [0;1mCREATE INDEX `index_controller_actions_on_db_time` ON `controller_actions` (`db_time`)[0m
Dec 22 17:29:32 starbuck-2 rails[966]: [4;35;1mSQL (0.5ms)[0m   [0mINSERT INTO schema_migrations (version) VALUES ('20090709085133')[0m
Dec 22 17:29:32 starbuck-2 rails[966]: Migrating to CreateLogfileImportRecords (20090805132300)
Dec 22 17:29:32 starbuck-2 rails[966]: [4;36;1mSQL (96.9ms)[0m   [0;1mCREATE TABLE `logfile_import_records` (`id` int(11) DEFAULT NULL auto_increment PRIMARY KEY, `md5hash` varchar(255), `created_at` datetime) ENGINE=InnoDB[0m
Dec 22 17:29:32 starbuck-2 rails[966]: [4;35;1mSQL (102.2ms)[0m   [0mCREATE INDEX `index_logfile_import_records_on_md5hash` ON `logfile_import_records` (`md5hash`)[0m
Dec 22 17:29:32 starbuck-2 rails[966]: [4;36;1mSQL (0.5ms)[0m   [0;1mINSERT INTO schema_migrations (version) VALUES ('20090805132300')[0m
Dec 22 17:29:32 starbuck-2 rails[966]: [4;35;1mSQL (0.4ms)[0m   [0mSHOW TABLES[0m
Dec 22 17:29:32 starbuck-2 rails[966]: [4;36;1mSQL (0.2ms)[0m   [0;1mSELECT version FROM schema_migrations[0m
Dec 22 17:29:32 starbuck-2 rails[966]: [4;35;1mSQL (0.2ms)[0m   [0mSHOW TABLES[0m
Dec 22 17:29:32 starbuck-2 rails[966]: [4;36;1mSQL (1.4ms)[0m   [0;1mSHOW FIELDS FROM `controller_actions`[0m
Dec 22 17:29:32 starbuck-2 rails[966]: [4;35;1mSQL (1.5ms)[0m   [0mdescribe `controller_actions`[0m
Dec 22 17:29:32 starbuck-2 rails[966]: [4;36;1mSQL (0.3ms)[0m   [0;1mSHOW KEYS FROM `controller_actions`[0m
Dec 22 17:29:32 starbuck-2 rails[966]: [4;35;1mSQL (0.9ms)[0m   [0mSHOW FIELDS FROM `logfile_import_records`[0m
Dec 22 17:29:32 starbuck-2 rails[966]: [4;36;1mSQL (1.2ms)[0m   [0;1mdescribe `logfile_import_records`[0m
Dec 22 17:29:32 starbuck-2 rails[966]: [4;35;1mSQL (0.2ms)[0m   [0mSHOW KEYS FROM `logfile_import_records`[0m
Dec 22 17:29:35 starbuck-2 rails[971]: [4;36;1mSQL (0.1ms)[0m   [0;1mSET SQL_AUTO_IS_NULL=0[0m
Dec 22 17:29:35 starbuck-2 rails[971]: [4;35;1mLogfileImportRecord Columns (1.3ms)[0m   [0mSHOW FIELDS FROM `logfile_import_records`[0m
Dec 22 17:29:35 starbuck-2 rails[971]: [4;36;1mLogfileImportRecord Load (0.4ms)[0m   [0;1mSELECT * FROM `logfile_import_records` WHERE (`logfile_import_records`.`md5hash` = 'd02c6b7540355de6d988bd151bc4b118') LIMIT 1[0m
Dec 22 17:29:35 starbuck-2 rails[971]: [4;35;1mControllerAction Columns (1.4ms)[0m   [0mSHOW FIELDS FROM `controller_actions`[0m
Dec 22 17:29:35 starbuck-2 rails[971]: [4;36;1mSQL (37.8ms)[0m   [0;1mcreate table if not exists log_data_2009_12_22 like controller_actions[0m
Dec 22 17:29:35 starbuck-2 rails[971]: [4;35;1mSQL (0.9ms)[0m   [0mload data local infile '/tmp/logfile-2009-12-22-971.csv' into table log_data_2009_12_22 fields terminated by ',' (host,process_id,user_id,page,minute1,minute2,minute5,started_at,response_code,total_time,view_time,db_time,other_time,db_calls,db_sql_query_cache_hits) [0m
Dec 22 17:29:35 starbuck-2 rails[971]: [4;36;1mSQL (0.1ms)[0m   [0;1mBEGIN[0m
Dec 22 17:29:35 starbuck-2 rails[971]: [4;35;1mLogfileImportRecord Create (0.3ms)[0m   [0mINSERT INTO `logfile_import_records` (`md5hash`, `created_at`) VALUES('d02c6b7540355de6d988bd151bc4b118', '2009-12-22 16:29:35')[0m
Dec 22 17:29:35 starbuck-2 rails[971]: [4;36;1mSQL (0.3ms)[0m   [0;1mCOMMIT[0m
Dec 22 17:29:41 starbuck-2 rails[977]: [4;36;1mSQL (0.8ms)[0m   [0;1mSET SQL_AUTO_IS_NULL=0[0m
Dec 22 17:29:41 starbuck-2 rails[977]: Processing ControllerActionsController#index (for 127.0.0.1 at 2009-12-22 17:29:41) [GET]
Dec 22 17:29:41 starbuck-2 rails[977]: Parameters: {"month"=>"12", "grouping_function"=>"sum", "grouping"=>"page", "resource"=>"requests", "day"=>"22", "year"=>"2009", "controller_action"=>{"page"=>""}, "interval"=>"5"}
Dec 22 17:29:41 starbuck-2 rails[977]: [4;35;1mSQL (0.2ms)[0m   [0mcreate table if not exists log_data_2009_12_22 like controller_actions[0m
Dec 22 17:29:41 starbuck-2 rails[977]: [4;36;1mSQL (34.4ms)[0m   [0;1mSELECT DISTINCT host FROM log_data_2009_12_22 ORDER BY host ASC[0m
Dec 22 17:29:41 starbuck-2 rails[977]: [4;35;1mSQL (0.3ms)[0m   [0mSELECT DISTINCT response_code FROM log_data_2009_12_22 ORDER BY response_code ASC[0m
Dec 22 17:29:41 starbuck-2 rails[977]: [4;36;1mSQL (0.5ms)[0m   [0;1mshow tables[0m
Dec 22 17:29:41 starbuck-2 rails[977]: [4;35;1mControllerAction_2009_12_22 Columns (1.6ms)[0m   [0mSHOW FIELDS FROM `log_data_2009_12_22`[0m
Dec 22 17:29:41 starbuck-2 rails[977]: [4;36;1mControllerAction_2009_12_22 Load (0.3ms)[0m   [0;1mSELECT * FROM `log_data_2009_12_22` LIMIT 1[0m
Dec 22 17:29:41 starbuck-2 rails[977]: [4;35;1mSQL (0.5ms)[0m   [0mSELECT minute5, count(1) as requests FROM log_data_2009_12_22 GROUP BY 1[0m
Dec 22 17:29:41 starbuck-2 rails[977]: Rendering template within layouts/controller_actions
Dec 22 17:29:41 starbuck-2 rails[977]: Rendering /controller_actions/index.html.erb
Dec 22 17:29:41 starbuck-2 rails[977]: [4;36;1mSQL (0.4ms)[0m   [0;1mshow tables[0m
Dec 22 17:29:41 starbuck-2 rails[977]: [4;35;1mCACHE (0.0ms)[0m   [0mSELECT * FROM `log_data_2009_12_22` LIMIT 1[0m
Dec 22 17:29:41 starbuck-2 rails[977]: [4;36;1mControllerAction Columns (1.4ms)[0m   [0;1mSHOW FIELDS FROM `controller_actions`[0m
Dec 22 17:29:41 starbuck-2 rails[977]: [4;35;1mSQL (0.2ms)[0m   [0mselect count(id) from log_data_2009_12_22 [0m
Dec 22 17:29:41 starbuck-2 rails[977]: [4;36;1mSQL (0.1ms)[0m   [0;1mSELECT count(*) AS count_all FROM `log_data_2009_12_22` [0m
Dec 22 17:29:41 starbuck-2 rails[977]: [4;35;1mSQL (0.3ms)[0m   [0mselect count(distinct user_id) from log_data_2009_12_22 [0m
Dec 22 17:29:41 starbuck-2 rails[977]: [4;36;1mSQL (0.2ms)[0m   [0;1mselect count(distinct user_id) from log_data_2009_12_22[0m
Dec 22 17:29:41 starbuck-2 rails[977]: [4;35;1mControllerAction_2009_12_22 Load (1.5ms)[0m   [0mSELECT page, count(id) AS number_of_requests FROM log_data_2009_12_22 GROUP BY page ORDER BY number_of_requests DESC LIMIT 35[0m
Dec 22 17:29:41 starbuck-2 rails[977]: Rendered controller_actions/_statistics (7.2ms)
Dec 22 17:29:41 starbuck-2 rails[977]: Completed in 238.974ms (View: 61.361, DB: 41.915(14,1)) | 200 OK [http://localhost/2009/12/22?controller_action%5Bpage%5D=&grouping=page&grouping_function=sum&interval=5&resource=requests]
Dec 22 17:29:55 starbuck-2 rails[977]: [4;36;1mSQL (0.8ms)[0m   [0;1mSET SQL_AUTO_IS_NULL=0[0m
Dec 22 17:29:55 starbuck-2 rails[977]: Processing ControllerActionsController#index (for 127.0.0.1 at 2009-12-22 17:29:55) [GET]
Dec 22 17:29:55 starbuck-2 rails[977]: Parameters: {"response"=>"", "commit"=>"GO", "month"=>"12", "grouping_function"=>"sum", "starts_at"=>"2009-12-22", "resource"=>"total_time", "grouping"=>"page", "server"=>"", "day"=>"22", "user_id"=>"", "year"=>"2009", "controller_action"=>{"page"=>""}, "interval"=>"5"}
Dec 22 17:29:55 starbuck-2 rails[977]: Redirected to http://localhost:3000/2009/12/22?controller_action%5Bpage%5D=&grouping=page&grouping_function=sum&interval=5&resource=total_time
Dec 22 17:29:55 starbuck-2 rails[977]: Filter chain halted as [:redirect_to_clean_url] rendered_or_redirected.
Dec 22 17:29:55 starbuck-2 rails[977]: Completed in 1.736ms (View: 0.000, DB: 0.000(0,0)) | 302 Found [http://localhost/2009/12/22?starts_at=2009-12-22&server=&response=&user_id=&controller_action%5Bpage%5D=&interval=5&resource=total_time&grouping=page&grouping_function=sum&commit=GO]
Dec 22 17:29:55 starbuck-2 rails[977]: [4;35;1mSQL (0.1ms)[0m   [0mSET SQL_AUTO_IS_NULL=0[0m
Dec 22 17:29:55 starbuck-2 rails[977]: Processing ControllerActionsController#index (for 127.0.0.1 at 2009-12-22 17:29:55) [GET]
Dec 22 17:29:55 starbuck-2 rails[977]: Parameters: {"month"=>"12", "grouping_function"=>"sum", "grouping"=>"page", "resource"=>"total_time", "day"=>"22", "year"=>"2009", "controller_action"=>{"page"=>""}, "interval"=>"5"}
Dec 22 17:29:55 starbuck-2 rails[977]: [4;36;1mSQL (0.3ms)[0m   [0;1mSELECT DISTINCT host FROM log_data_2009_12_22 ORDER BY host ASC[0m
Dec 22 17:29:55 starbuck-2 rails[977]: [4;35;1mSQL (0.1ms)[0m   [0mSELECT DISTINCT response_code FROM log_data_2009_12_22 ORDER BY response_code ASC[0m
Dec 22 17:29:55 starbuck-2 rails[977]: [4;36;1mSQL (0.4ms)[0m   [0;1mshow tables[0m
Dec 22 17:29:55 starbuck-2 rails[977]: [4;35;1mControllerAction_2009_12_22 Load (0.3ms)[0m   [0mSELECT * FROM `log_data_2009_12_22` LIMIT 1[0m
Dec 22 17:29:55 starbuck-2 rails[977]: [4;36;1mSQL (0.5ms)[0m   [0;1mSELECT minute5, avg(other_time) as other_time, avg(db_time) as db_time, avg(view_time) as view_time FROM log_data_2009_12_22 GROUP BY 1[0m
Dec 22 17:29:55 starbuck-2 rails[977]: Rendering template within layouts/controller_actions
Dec 22 17:29:55 starbuck-2 rails[977]: Rendering /controller_actions/index.html.erb
Dec 22 17:29:55 starbuck-2 rails[977]: [4;35;1mSQL (0.9ms)[0m   [0mshow tables[0m
Dec 22 17:29:55 starbuck-2 rails[977]: [4;36;1mCACHE (0.0ms)[0m   [0;1mSELECT * FROM `log_data_2009_12_22` LIMIT 1[0m
Dec 22 17:29:55 starbuck-2 rails[977]: [4;35;1mControllerAction Columns (1.6ms)[0m   [0mSHOW FIELDS FROM `controller_actions`[0m
Dec 22 17:29:55 starbuck-2 rails[977]: [4;36;1mSQL (0.2ms)[0m   [0;1mselect count(id) from log_data_2009_12_22 [0m
Dec 22 17:29:55 starbuck-2 rails[977]: [4;35;1mSQL (0.2ms)[0m   [0mSELECT count(*) AS count_all FROM `log_data_2009_12_22` [0m
Dec 22 17:29:55 starbuck-2 rails[977]: [4;36;1mSQL (0.3ms)[0m   [0;1mselect count(distinct user_id) from log_data_2009_12_22 [0m
Dec 22 17:29:55 starbuck-2 rails[977]: [4;35;1mSQL (0.2ms)[0m   [0mselect count(distinct user_id) from log_data_2009_12_22[0m
Dec 22 17:29:55 starbuck-2 rails[977]: [4;36;1mSQL (0.4ms)[0m   [0;1mSELECT avg(other_time) as avg_other_time, avg(db_time) as avg_db_time, avg(view_time) as avg_view_time, avg(total_time) as avg_total_time, stddev_pop(other_time) as std_other_time, stddev_pop(db_time) as std_db_time, stddev_pop(view_time) as std_view_time, stddev_pop(total_time) as std_total_time FROM log_data_2009_12_22 [0m
Dec 22 17:29:55 starbuck-2 rails[977]: [4;35;1mSQL (0.2ms)[0m   [0mSELECT avg(total_time) FROM (SELECT total_time FROM log_data_2009_12_22 ORDER BY total_time LIMIT 2 OFFSET 0) AS log[0m
Dec 22 17:29:55 starbuck-2 rails[977]: [4;36;1mSQL (0.1ms)[0m   [0;1mSELECT avg(total_time) FROM (SELECT total_time FROM log_data_2009_12_22 ORDER BY total_time LIMIT 2 OFFSET 2) AS log[0m
Dec 22 17:29:55 starbuck-2 rails[977]: [4;35;1mSQL (0.1ms)[0m   [0mSELECT avg(total_time) FROM (SELECT total_time FROM log_data_2009_12_22 ORDER BY total_time LIMIT 2 OFFSET 4) AS log[0m
Dec 22 17:29:55 starbuck-2 rails[977]: [4;36;1mSQL (0.1ms)[0m   [0;1mSELECT avg(total_time) FROM (SELECT total_time FROM log_data_2009_12_22 ORDER BY total_time LIMIT 2 OFFSET 6) AS log[0m
Dec 22 17:29:55 starbuck-2 rails[977]: [4;35;1mSQL (0.1ms)[0m   [0mSELECT avg(total_time) FROM (SELECT total_time FROM log_data_2009_12_22 ORDER BY total_time LIMIT 1 OFFSET 8) AS log[0m
Dec 22 17:29:55 starbuck-2 rails[977]: [4;36;1mSQL (0.2ms)[0m   [0;1mselect count(id) from log_data_2009_12_22 WHERE (total_time < 100)[0m
Dec 22 17:29:55 starbuck-2 rails[977]: [4;35;1mSQL (0.1ms)[0m   [0mselect count(id) from log_data_2009_12_22 WHERE (total_time < 500)[0m
Dec 22 17:29:55 starbuck-2 rails[977]: [4;36;1mSQL (0.1ms)[0m   [0;1mselect count(id) from log_data_2009_12_22 WHERE (total_time >= 500 and total_time < 2000)[0m
Dec 22 17:29:55 starbuck-2 rails[977]: [4;35;1mSQL (0.2ms)[0m   [0mselect count(id) from log_data_2009_12_22 WHERE ((total_time >= 2000) or (response_code = 500))[0m
Dec 22 17:29:55 starbuck-2 rails[977]: [4;36;1mControllerAction_2009_12_22 Load (1.6ms)[0m   [0;1mSELECT page, count(id) AS number_of_requests, sum(total_time) AS sum, avg(total_time) AS avg, stddev_pop(total_time) AS stddev FROM log_data_2009_12_22 GROUP BY page ORDER BY sum DESC LIMIT 35[0m
Dec 22 17:29:55 starbuck-2 rails[977]: [4;35;1mSQL (0.2ms)[0m   [0mselect sum(total_time) from log_data_2009_12_22 [0m
Dec 22 17:29:55 starbuck-2 rails[977]: Rendered controller_actions/_statistics (6.0ms)
Dec 22 17:29:55 starbuck-2 rails[977]: Completed in 217.589ms (View: 109.689, DB: 8.652(23,1)) | 200 OK [http://localhost/2009/12/22?controller_action%5Bpage%5D=&grouping=page&grouping_function=sum&interval=5&resource=total_time]
Dec 22 17:29:59 starbuck-2 rails[977]: [4;36;1mSQL (0.1ms)[0m   [0;1mSET SQL_AUTO_IS_NULL=0[0m
Dec 22 17:29:59 starbuck-2 rails[977]: Processing ControllerActionsController#request_time_distribution (for 127.0.0.1 at 2009-12-22 17:29:59) [GET]
Dec 22 17:29:59 starbuck-2 rails[977]: Parameters: {"month"=>"12", "grouping_function"=>"sum", "grouping"=>"page", "resource"=>"total_time", "day"=>"22", "page"=>"ControllerActionsController#index", "year"=>"2009", "controller_action"=>{"page"=>"ControllerActionsController#index"}, "interval"=>"5"}
Dec 22 17:29:59 starbuck-2 rails[977]: [4;35;1mSQL (0.3ms)[0m   [0mSELECT DISTINCT page FROM log_data_2009_12_22 ORDER BY page ASC[0m
Dec 22 17:29:59 starbuck-2 rails[977]: [4;36;1mSQL (0.1ms)[0m   [0;1mSELECT DISTINCT host FROM log_data_2009_12_22 ORDER BY host ASC[0m
Dec 22 17:29:59 starbuck-2 rails[977]: [4;35;1mSQL (0.1ms)[0m   [0mSELECT DISTINCT response_code FROM log_data_2009_12_22 ORDER BY response_code ASC[0m
Dec 22 17:29:59 starbuck-2 rails[977]: [4;36;1mSQL (0.3ms)[0m   [0;1mshow tables[0m
Dec 22 17:29:59 starbuck-2 rails[977]: [4;35;1mControllerAction_2009_12_22 Load (0.2ms)[0m   [0mSELECT * FROM `log_data_2009_12_22` LIMIT 1[0m
Dec 22 17:29:59 starbuck-2 rails[977]: [4;36;1mSQL (0.4ms)[0m   [0;1mselect avg(other_time) as avg, stddev_pop(other_time) as stddev from log_data_2009_12_22 WHERE (page = 'ControllerActionsController#index')[0m
Dec 22 17:29:59 starbuck-2 rails[977]: [4;35;1mSQL (0.4ms)[0m   [0mselect ceil(((other_time-5)*sign(other_time-5)/10))*10 as quant, count(*) as count from log_data_2009_12_22 WHERE (page = 'ControllerActionsController#index') group by 1[0m
Dec 22 17:29:59 starbuck-2 rails[977]: [4;36;1mSQL (0.2ms)[0m   [0;1mselect avg(db_time) as avg, stddev_pop(db_time) as stddev from log_data_2009_12_22 WHERE (page = 'ControllerActionsController#index')[0m
Dec 22 17:29:59 starbuck-2 rails[977]: [4;35;1mSQL (0.3ms)[0m   [0mselect ceil(((db_time-5)*sign(db_time-5)/10))*10 as quant, count(*) as count from log_data_2009_12_22 WHERE (page = 'ControllerActionsController#index') group by 1[0m
Dec 22 17:29:59 starbuck-2 rails[977]: [4;36;1mSQL (0.2ms)[0m   [0;1mselect avg(view_time) as avg, stddev_pop(view_time) as stddev from log_data_2009_12_22 WHERE (page = 'ControllerActionsController#index')[0m
Dec 22 17:29:59 starbuck-2 rails[977]: [4;35;1mSQL (0.3ms)[0m   [0mselect ceil(((view_time-5)*sign(view_time-5)/10))*10 as quant, count(*) as count from log_data_2009_12_22 WHERE (page = 'ControllerActionsController#index') group by 1[0m
Dec 22 17:29:59 starbuck-2 rails[977]: [4;36;1mSQL (0.2ms)[0m   [0;1mselect avg(total_time) as avg, stddev_pop(total_time) as stddev from log_data_2009_12_22 WHERE (page = 'ControllerActionsController#index')[0m
Dec 22 17:29:59 starbuck-2 rails[977]: [4;35;1mSQL (0.3ms)[0m   [0mselect ceil(((total_time-5)*sign(total_time-5)/10))*10 as quant, count(*) as count from log_data_2009_12_22 WHERE (page = 'ControllerActionsController#index') group by 1[0m
Dec 22 17:29:59 starbuck-2 rails[977]: [4;36;1mSQL (0.8ms)[0m   [0;1mselect count(id) from log_data_2009_12_22 WHERE (page = 'ControllerActionsController#index')[0m
Dec 22 17:29:59 starbuck-2 rails[977]: Rendering template within layouts/controller_actions
Dec 22 17:29:59 starbuck-2 rails[977]: Rendering controller_actions/request_time_distribution
Dec 22 17:29:59 starbuck-2 rails[977]: Completed in 102.555ms (View: 11.639, DB: 4.338(14,0)) | 200 OK [http://localhost/2009/12/22/request_time_distribution?controller_action%5Bpage%5D=ControllerActionsController%23index&grouping=page&grouping_function=sum&interval=5&page=ControllerActionsController%23index&resource=total_time]
Dec 22 17:30:25 starbuck-2 rails[977]: [4;35;1mSQL (0.1ms)[0m   [0mSET SQL_AUTO_IS_NULL=0[0m
Dec 22 17:30:25 starbuck-2 rails[977]: Processing ControllerActionsController#index (for 127.0.0.1 at 2009-12-22 17:30:25) [GET]
Dec 22 17:30:25 starbuck-2 rails[977]: Parameters: {"month"=>"12", "grouping_function"=>"sum", "grouping"=>"page", "resource"=>"total_time", "day"=>"22", "page"=>"ControllerActionsController#index", "year"=>"2009", "controller_action"=>{"page"=>"ControllerActionsController#index"}, "interval"=>"5"}
Dec 22 17:30:26 starbuck-2 rails[977]: [4;36;1mSQL (0.3ms)[0m   [0;1mSELECT DISTINCT page FROM log_data_2009_12_22 ORDER BY page ASC[0m
Dec 22 17:30:26 starbuck-2 rails[977]: [4;35;1mSQL (0.1ms)[0m   [0mSELECT DISTINCT host FROM log_data_2009_12_22 ORDER BY host ASC[0m
Dec 22 17:30:26 starbuck-2 rails[977]: [4;36;1mSQL (0.1ms)[0m   [0;1mSELECT DISTINCT response_code FROM log_data_2009_12_22 ORDER BY response_code ASC[0m
Dec 22 17:30:26 starbuck-2 rails[977]: [4;35;1mSQL (0.4ms)[0m   [0mshow tables[0m
Dec 22 17:30:26 starbuck-2 rails[977]: [4;36;1mControllerAction_2009_12_22 Load (0.2ms)[0m   [0;1mSELECT * FROM `log_data_2009_12_22` LIMIT 1[0m
Dec 22 17:30:26 starbuck-2 rails[977]: [4;35;1mSQL (1.2ms)[0m   [0mSELECT minute5, avg(other_time) as other_time, avg(db_time) as db_time, avg(view_time) as view_time FROM log_data_2009_12_22 WHERE (page = 'ControllerActionsController#index') GROUP BY 1[0m
Dec 22 17:30:26 starbuck-2 rails[977]: Rendering template within layouts/controller_actions
Dec 22 17:30:26 starbuck-2 rails[977]: Rendering /controller_actions/index.html.erb
Dec 22 17:30:26 starbuck-2 rails[977]: [4;36;1mSQL (0.5ms)[0m   [0;1mshow tables[0m
Dec 22 17:30:26 starbuck-2 rails[977]: [4;35;1mCACHE (0.0ms)[0m   [0mSELECT * FROM `log_data_2009_12_22` LIMIT 1[0m
Dec 22 17:30:26 starbuck-2 rails[977]: [4;36;1mControllerAction Columns (1.7ms)[0m   [0;1mSHOW FIELDS FROM `controller_actions`[0m
Dec 22 17:30:26 starbuck-2 rails[977]: [4;35;1mSQL (0.4ms)[0m   [0mselect count(id) from log_data_2009_12_22 WHERE (page = 'ControllerActionsController#index')[0m
Dec 22 17:30:26 starbuck-2 rails[977]: [4;36;1mSQL (0.2ms)[0m   [0;1mSELECT count(*) AS count_all FROM `log_data_2009_12_22` [0m
Dec 22 17:30:26 starbuck-2 rails[977]: [4;35;1mSQL (0.4ms)[0m   [0mselect count(distinct user_id) from log_data_2009_12_22 WHERE (page = 'ControllerActionsController#index')[0m
Dec 22 17:30:26 starbuck-2 rails[977]: [4;36;1mSQL (0.2ms)[0m   [0;1mselect count(distinct user_id) from log_data_2009_12_22[0m
Dec 22 17:30:26 starbuck-2 rails[977]: [4;35;1mSQL (0.4ms)[0m   [0mSELECT avg(other_time) as avg_other_time, avg(db_time) as avg_db_time, avg(view_time) as avg_view_time, avg(total_time) as avg_total_time, stddev_pop(other_time) as std_other_time, stddev_pop(db_time) as std_db_time, stddev_pop(view_time) as std_view_time, stddev_pop(total_time) as std_total_time FROM log_data_2009_12_22 WHERE (page = 'ControllerActionsController#index')[0m
Dec 22 17:30:26 starbuck-2 rails[977]: [4;36;1mSQL (0.4ms)[0m   [0;1mSELECT avg(total_time) FROM (SELECT total_time FROM log_data_2009_12_22 WHERE (page = 'ControllerActionsController#index') ORDER BY total_time LIMIT 2 OFFSET 0) AS log[0m
Dec 22 17:30:26 starbuck-2 rails[977]: [4;35;1mSQL (0.3ms)[0m   [0mSELECT avg(total_time) FROM (SELECT total_time FROM log_data_2009_12_22 WHERE (page = 'ControllerActionsController#index') ORDER BY total_time LIMIT 2 OFFSET 2) AS log[0m
Dec 22 17:30:26 starbuck-2 rails[977]: [4;36;1mSQL (0.4ms)[0m   [0;1mSELECT avg(total_time) FROM (SELECT total_time FROM log_data_2009_12_22 WHERE (page = 'ControllerActionsController#index') ORDER BY total_time LIMIT 2 OFFSET 4) AS log[0m
Dec 22 17:30:26 starbuck-2 rails[977]: [4;35;1mSQL (0.5ms)[0m   [0mSELECT avg(total_time) FROM (SELECT total_time FROM log_data_2009_12_22 WHERE (page = 'ControllerActionsController#index') ORDER BY total_time LIMIT 2 OFFSET 6) AS log[0m
Dec 22 17:30:26 starbuck-2 rails[977]: [4;36;1mSQL (0.3ms)[0m   [0;1mSELECT avg(total_time) FROM (SELECT total_time FROM log_data_2009_12_22 WHERE (page = 'ControllerActionsController#index') ORDER BY total_time LIMIT 1 OFFSET 8) AS log[0m
Dec 22 17:30:26 starbuck-2 rails[977]: [4;35;1mSQL (0.3ms)[0m   [0mselect count(id) from log_data_2009_12_22 WHERE (page = 'ControllerActionsController#index') AND (total_time < 100)[0m
Dec 22 17:30:26 starbuck-2 rails[977]: [4;36;1mSQL (0.3ms)[0m   [0;1mselect count(id) from log_data_2009_12_22 WHERE (page = 'ControllerActionsController#index') AND (total_time < 500)[0m
Dec 22 17:30:26 starbuck-2 rails[977]: [4;35;1mSQL (0.2ms)[0m   [0mselect count(id) from log_data_2009_12_22 WHERE (page = 'ControllerActionsController#index') AND (total_time >= 500 and total_time < 2000)[0m
Dec 22 17:30:26 starbuck-2 rails[977]: [4;36;1mSQL (0.6ms)[0m   [0;1mselect count(id) from log_data_2009_12_22 WHERE (page = 'ControllerActionsController#index') AND ((total_time >= 2000) or (response_code = 500))[0m
Dec 22 17:30:26 starbuck-2 rails[977]: [4;35;1mControllerAction_2009_12_22 Load (0.6ms)[0m   [0mSELECT page, count(id) AS number_of_requests, sum(total_time) AS sum, avg(total_time) AS avg, stddev_pop(total_time) AS stddev FROM log_data_2009_12_22 WHERE (page = 'ControllerActionsController#index') GROUP BY page ORDER BY sum DESC LIMIT 35[0m
Dec 22 17:30:26 starbuck-2 rails[977]: [4;36;1mSQL (0.3ms)[0m   [0;1mselect sum(total_time) from log_data_2009_12_22 WHERE (page = 'ControllerActionsController#index')[0m
Dec 22 17:30:26 starbuck-2 rails[977]: Rendered controller_actions/_statistics (5.2ms)
Dec 22 17:30:26 starbuck-2 rails[977]: Completed in 134.068ms (View: 32.587, DB: 10.538(24,1)) | 200 OK [http://localhost/2009/12/22?controller_action%5Bpage%5D=ControllerActionsController%23index&grouping=page&grouping_function=sum&interval=5&page=ControllerActionsController%23index&resource=total_time]
Dec 22 17:30:50 starbuck-2 rails[989]: [4;36;1mSQL (0.1ms)[0m   [0;1mSET SQL_AUTO_IS_NULL=0[0m
Dec 22 17:30:50 starbuck-2 rails[989]: [4;35;1mSQL (0.3ms)[0m   [0mSHOW TABLES[0m
Dec 22 17:30:50 starbuck-2 rails[989]: [4;36;1mSQL (61.6ms)[0m   [0;1mCREATE TABLE `schema_migrations` (`version` varchar(255) NOT NULL) ENGINE=InnoDB[0m
Dec 22 17:30:50 starbuck-2 rails[989]: [4;35;1mSQL (79.4ms)[0m   [0mCREATE UNIQUE INDEX `unique_schema_migrations` ON `schema_migrations` (`version`)[0m
Dec 22 17:30:50 starbuck-2 rails[989]: [4;36;1mSQL (0.4ms)[0m   [0;1mSHOW TABLES[0m
Dec 22 17:30:50 starbuck-2 rails[989]: [4;35;1mSQL (0.3ms)[0m   [0mSELECT version FROM schema_migrations[0m
Dec 22 17:30:50 starbuck-2 rails[989]: Migrating to CreateControllerActions (20090708080254)
Dec 22 17:30:50 starbuck-2 rails[989]: [4;36;1mSQL (94.7ms)[0m   [0;1mCREATE TABLE `controller_actions` (`id` int(11) DEFAULT NULL auto_increment PRIMARY KEY, `host` varchar(255) NOT NULL, `process_id` int(11) NOT NULL, `user_id` int(11) NOT NULL, `page` varchar(255) NOT NULL, `minute1` int(11) NOT NULL, `minute2` int(11) NOT NULL, `minute5` int(11) NOT NULL, `started_at` datetime NOT NULL, `response_code` int(11) NOT NULL, `total_time` float NOT NULL, `view_time` float NOT NULL, `db_time` float NOT NULL, `other_time` float NOT NULL, `db_calls` int(11) NOT NULL, `db_sql_query_cache_hits` int(11) NOT NULL) ENGINE=MyISAM[0m
Dec 22 17:30:50 starbuck-2 rails[989]: [4;35;1mSQL (0.4ms)[0m   [0mINSERT INTO schema_migrations (version) VALUES ('20090708080254')[0m
Dec 22 17:30:50 starbuck-2 rails[989]: Migrating to AddIndexesToControllerActions (20090709085133)
Dec 22 17:30:50 starbuck-2 rails[989]: [4;36;1mSQL (109.5ms)[0m   [0;1mCREATE INDEX `index_controller_actions_on_page` ON `controller_actions` (`page`)[0m
Dec 22 17:30:50 starbuck-2 rails[989]: [4;35;1mSQL (78.1ms)[0m   [0mCREATE INDEX `index_controller_actions_on_host` ON `controller_actions` (`host`)[0m
Dec 22 17:30:50 starbuck-2 rails[989]: [4;36;1mSQL (89.4ms)[0m   [0;1mCREATE INDEX `index_controller_actions_on_response_code` ON `controller_actions` (`response_code`)[0m
Dec 22 17:30:51 starbuck-2 rails[989]: [4;35;1mSQL (78.2ms)[0m   [0mCREATE INDEX `index_controller_actions_on_user_id` ON `controller_actions` (`user_id`)[0m
Dec 22 17:30:51 starbuck-2 rails[989]: [4;36;1mSQL (77.3ms)[0m   [0;1mCREATE INDEX `index_controller_actions_on_minute1` ON `controller_actions` (`minute1`)[0m
Dec 22 17:30:51 starbuck-2 rails[989]: [4;35;1mSQL (89.0ms)[0m   [0mCREATE INDEX `index_controller_actions_on_minute2` ON `controller_actions` (`minute2`)[0m
Dec 22 17:30:51 starbuck-2 rails[989]: [4;36;1mSQL (77.7ms)[0m   [0;1mCREATE INDEX `index_controller_actions_on_minute5` ON `controller_actions` (`minute5`)[0m
Dec 22 17:30:51 starbuck-2 rails[989]: [4;35;1mSQL (78.7ms)[0m   [0mCREATE INDEX `index_controller_actions_on_total_time` ON `controller_actions` (`total_time`)[0m
Dec 22 17:30:51 starbuck-2 rails[989]: [4;36;1mSQL (77.7ms)[0m   [0;1mCREATE INDEX `index_controller_actions_on_other_time` ON `controller_actions` (`other_time`)[0m
Dec 22 17:30:51 starbuck-2 rails[989]: [4;35;1mSQL (88.4ms)[0m   [0mCREATE INDEX `index_controller_actions_on_view_time` ON `controller_actions` (`view_time`)[0m
Dec 22 17:30:51 starbuck-2 rails[989]: [4;36;1mSQL (78.3ms)[0m   [0;1mCREATE INDEX `index_controller_actions_on_db_time` ON `controller_actions` (`db_time`)[0m
Dec 22 17:30:51 starbuck-2 rails[989]: [4;35;1mSQL (0.5ms)[0m   [0mINSERT INTO schema_migrations (version) VALUES ('20090709085133')[0m
Dec 22 17:30:51 starbuck-2 rails[989]: Migrating to CreateLogfileImportRecords (20090805132300)
Dec 22 17:30:51 starbuck-2 rails[989]: [4;36;1mSQL (108.0ms)[0m   [0;1mCREATE TABLE `logfile_import_records` (`id` int(11) DEFAULT NULL auto_increment PRIMARY KEY, `md5hash` varchar(255), `created_at` datetime) ENGINE=InnoDB[0m
Dec 22 17:30:51 starbuck-2 rails[989]: [4;35;1mSQL (102.2ms)[0m   [0mCREATE INDEX `index_logfile_import_records_on_md5hash` ON `logfile_import_records` (`md5hash`)[0m
Dec 22 17:30:51 starbuck-2 rails[989]: [4;36;1mSQL (0.6ms)[0m   [0;1mINSERT INTO schema_migrations (version) VALUES ('20090805132300')[0m
Dec 22 17:30:51 starbuck-2 rails[989]: [4;35;1mSQL (0.4ms)[0m   [0mSHOW TABLES[0m
Dec 22 17:30:51 starbuck-2 rails[989]: [4;36;1mSQL (0.2ms)[0m   [0;1mSELECT version FROM schema_migrations[0m
Dec 22 17:30:51 starbuck-2 rails[989]: [4;35;1mSQL (0.2ms)[0m   [0mSHOW TABLES[0m
Dec 22 17:30:51 starbuck-2 rails[989]: [4;36;1mSQL (1.8ms)[0m   [0;1mSHOW FIELDS FROM `controller_actions`[0m
Dec 22 17:30:51 starbuck-2 rails[989]: [4;35;1mSQL (1.3ms)[0m   [0mdescribe `controller_actions`[0m
Dec 22 17:30:51 starbuck-2 rails[989]: [4;36;1mSQL (0.4ms)[0m   [0;1mSHOW KEYS FROM `controller_actions`[0m
Dec 22 17:30:51 starbuck-2 rails[989]: [4;35;1mSQL (0.9ms)[0m   [0mSHOW FIELDS FROM `logfile_import_records`[0m
Dec 22 17:30:51 starbuck-2 rails[989]: [4;36;1mSQL (1.3ms)[0m   [0;1mdescribe `logfile_import_records`[0m
Dec 22 17:30:51 starbuck-2 rails[989]: [4;35;1mSQL (0.2ms)[0m   [0mSHOW KEYS FROM `logfile_import_records`[0m
Dec 22 17:30:54 starbuck-2 rails[994]: [4;36;1mSQL (0.1ms)[0m   [0;1mSET SQL_AUTO_IS_NULL=0[0m
Dec 22 17:30:54 starbuck-2 rails[994]: [4;35;1mLogfileImportRecord Columns (1.3ms)[0m   [0mSHOW FIELDS FROM `logfile_import_records`[0m
Dec 22 17:30:54 starbuck-2 rails[994]: [4;36;1mLogfileImportRecord Load (0.4ms)[0m   [0;1mSELECT * FROM `logfile_import_records` WHERE (`logfile_import_records`.`md5hash` = '8057423b13367b020a3244a5547cab36') LIMIT 1[0m
Dec 22 17:30:54 starbuck-2 rails[994]: [4;35;1mControllerAction Columns (1.4ms)[0m   [0mSHOW FIELDS FROM `controller_actions`[0m
Dec 22 17:30:54 starbuck-2 rails[994]: [4;36;1mSQL (40.1ms)[0m   [0;1mcreate table if not exists log_data_2009_12_22 like controller_actions[0m
Dec 22 17:30:54 starbuck-2 rails[994]: [4;35;1mSQL (1.0ms)[0m   [0mload data local infile '/tmp/logfile-2009-12-22-994.csv' into table log_data_2009_12_22 fields terminated by ',' (host,process_id,user_id,page,minute1,minute2,minute5,started_at,response_code,total_time,view_time,db_time,other_time,db_calls,db_sql_query_cache_hits) [0m
Dec 22 17:30:54 starbuck-2 rails[994]: [4;36;1mSQL (0.1ms)[0m   [0;1mBEGIN[0m
Dec 22 17:30:54 starbuck-2 rails[994]: [4;35;1mLogfileImportRecord Create (0.3ms)[0m   [0mINSERT INTO `logfile_import_records` (`md5hash`, `created_at`) VALUES('8057423b13367b020a3244a5547cab36', '2009-12-22 16:30:54')[0m
Dec 22 17:30:54 starbuck-2 rails[994]: [4;36;1mSQL (26.0ms)[0m   [0;1mCOMMIT[0m
Dec 22 17:31:11 starbuck-2 rails[1000]: [4;36;1mSQL (0.1ms)[0m   [0;1mSET SQL_AUTO_IS_NULL=0[0m
Dec 22 17:31:11 starbuck-2 rails[1000]: Processing ControllerActionsController#index (for 127.0.0.1 at 2009-12-22 17:31:11) [GET]
Dec 22 17:31:11 starbuck-2 rails[1000]: Parameters: {"month"=>"12", "grouping_function"=>"sum", "grouping"=>"page", "resource"=>"total_time", "day"=>"22", "page"=>"ControllerActionsController#index", "year"=>"2009", "controller_action"=>{"page"=>"ControllerActionsController#index"}, "interval"=>"5"}
Dec 22 17:31:11 starbuck-2 rails[1000]: [4;35;1mSQL (0.2ms)[0m   [0mcreate table if not exists log_data_2009_12_22 like controller_actions[0m
Dec 22 17:31:11 starbuck-2 rails[1000]: [4;36;1mSQL (0.4ms)[0m   [0;1mSELECT DISTINCT page FROM log_data_2009_12_22 ORDER BY page ASC[0m
Dec 22 17:31:11 starbuck-2 rails[1000]: [4;35;1mSQL (0.2ms)[0m   [0mSELECT DISTINCT host FROM log_data_2009_12_22 ORDER BY host ASC[0m
Dec 22 17:31:11 starbuck-2 rails[1000]: [4;36;1mSQL (0.8ms)[0m   [0;1mSELECT DISTINCT response_code FROM log_data_2009_12_22 ORDER BY response_code ASC[0m
Dec 22 17:31:11 starbuck-2 rails[1000]: [4;35;1mSQL (0.6ms)[0m   [0mshow tables[0m
Dec 22 17:31:11 starbuck-2 rails[1000]: [4;36;1mControllerAction_2009_12_22 Columns (1.6ms)[0m   [0;1mSHOW FIELDS FROM `log_data_2009_12_22`[0m
Dec 22 17:31:11 starbuck-2 rails[1000]: [4;35;1mControllerAction_2009_12_22 Load (0.2ms)[0m   [0mSELECT * FROM `log_data_2009_12_22` LIMIT 1[0m
Dec 22 17:31:11 starbuck-2 rails[1000]: [4;36;1mSQL (0.8ms)[0m   [0;1mSELECT minute5, avg(other_time) as other_time, avg(db_time) as db_time, avg(view_time) as view_time FROM log_data_2009_12_22 WHERE (page = 'ControllerActionsController#index') GROUP BY 1[0m
Dec 22 17:31:11 starbuck-2 rails[1000]: Rendering template within layouts/controller_actions
Dec 22 17:31:11 starbuck-2 rails[1000]: Rendering /controller_actions/index.html.erb
Dec 22 17:31:11 starbuck-2 rails[1000]: [4;35;1mSQL (0.4ms)[0m   [0mshow tables[0m
Dec 22 17:31:11 starbuck-2 rails[1000]: [4;36;1mCACHE (0.0ms)[0m   [0;1mSELECT * FROM `log_data_2009_12_22` LIMIT 1[0m
Dec 22 17:31:11 starbuck-2 rails[1000]: [4;35;1mControllerAction Columns (1.2ms)[0m   [0mSHOW FIELDS FROM `controller_actions`[0m
Dec 22 17:31:11 starbuck-2 rails[1000]: [4;36;1mSQL (0.4ms)[0m   [0;1mselect count(id) from log_data_2009_12_22 WHERE (page = 'ControllerActionsController#index')[0m
Dec 22 17:31:11 starbuck-2 rails[1000]: [4;35;1mSQL (0.2ms)[0m   [0mSELECT count(*) AS count_all FROM `log_data_2009_12_22` [0m
Dec 22 17:31:11 starbuck-2 rails[1000]: [4;36;1mSQL (0.4ms)[0m   [0;1mselect count(distinct user_id) from log_data_2009_12_22 WHERE (page = 'ControllerActionsController#index')[0m
Dec 22 17:31:11 starbuck-2 rails[1000]: [4;35;1mSQL (0.2ms)[0m   [0mselect count(distinct user_id) from log_data_2009_12_22[0m
Dec 22 17:31:11 starbuck-2 rails[1000]: [4;36;1mSQL (0.4ms)[0m   [0;1mSELECT avg(other_time) as avg_other_time, avg(db_time) as avg_db_time, avg(view_time) as avg_view_time, avg(total_time) as avg_total_time, stddev_pop(other_time) as std_other_time, stddev_pop(db_time) as std_db_time, stddev_pop(view_time) as std_view_time, stddev_pop(total_time) as std_total_time FROM log_data_2009_12_22 WHERE (page = 'ControllerActionsController#index')[0m
Dec 22 17:31:11 starbuck-2 rails[1000]: [4;35;1mSQL (0.4ms)[0m   [0mSELECT avg(total_time) FROM (SELECT total_time FROM log_data_2009_12_22 WHERE (page = 'ControllerActionsController#index') ORDER BY total_time LIMIT 3 OFFSET 0) AS log[0m
Dec 22 17:31:11 starbuck-2 rails[1000]: [4;36;1mSQL (0.3ms)[0m   [0;1mSELECT avg(total_time) FROM (SELECT total_time FROM log_data_2009_12_22 WHERE (page = 'ControllerActionsController#index') ORDER BY total_time LIMIT 3 OFFSET 3) AS log[0m
Dec 22 17:31:11 starbuck-2 rails[1000]: [4;35;1mSQL (0.3ms)[0m   [0mSELECT avg(total_time) FROM (SELECT total_time FROM log_data_2009_12_22 WHERE (page = 'ControllerActionsController#index') ORDER BY total_time LIMIT 3 OFFSET 6) AS log[0m
Dec 22 17:31:11 starbuck-2 rails[1000]: [4;36;1mSQL (0.4ms)[0m   [0;1mSELECT avg(total_time) FROM (SELECT total_time FROM log_data_2009_12_22 WHERE (page = 'ControllerActionsController#index') ORDER BY total_time LIMIT 2 OFFSET 9) AS log[0m
Dec 22 17:31:11 starbuck-2 rails[1000]: [4;35;1mSQL (0.5ms)[0m   [0mSELECT avg(total_time) FROM (SELECT total_time FROM log_data_2009_12_22 WHERE (page = 'ControllerActionsController#index') ORDER BY total_time LIMIT 2 OFFSET 11) AS log[0m
Dec 22 17:31:11 starbuck-2 rails[1000]: [4;36;1mSQL (0.5ms)[0m   [0;1mselect count(id) from log_data_2009_12_22 WHERE (page = 'ControllerActionsController#index') AND (total_time < 100)[0m
Dec 22 17:31:11 starbuck-2 rails[1000]: [4;35;1mSQL (0.3ms)[0m   [0mselect count(id) from log_data_2009_12_22 WHERE (page = 'ControllerActionsController#index') AND (total_time < 500)[0m
Dec 22 17:31:11 starbuck-2 rails[1000]: [4;36;1mSQL (0.2ms)[0m   [0;1mselect count(id) from log_data_2009_12_22 WHERE (page = 'ControllerActionsController#index') AND (total_time >= 500 and total_time < 2000)[0m
Dec 22 17:31:11 starbuck-2 rails[1000]: [4;35;1mSQL (0.3ms)[0m   [0mselect count(id) from log_data_2009_12_22 WHERE (page = 'ControllerActionsController#index') AND ((total_time >= 2000) or (response_code = 500))[0m
Dec 22 17:31:11 starbuck-2 rails[1000]: [4;36;1mControllerAction_2009_12_22 Load (0.5ms)[0m   [0;1mSELECT page, count(id) AS number_of_requests, sum(total_time) AS sum, avg(total_time) AS avg, stddev_pop(total_time) AS stddev FROM log_data_2009_12_22 WHERE (page = 'ControllerActionsController#index') GROUP BY page ORDER BY sum DESC LIMIT 35[0m
Dec 22 17:31:11 starbuck-2 rails[1000]: [4;35;1mSQL (0.4ms)[0m   [0mselect sum(total_time) from log_data_2009_12_22 WHERE (page = 'ControllerActionsController#index')[0m
Dec 22 17:31:11 starbuck-2 rails[1000]: Rendered controller_actions/_statistics (8.2ms)
Dec 22 17:31:11 starbuck-2 rails[1000]: Completed in 223.781ms (View: 65.764, DB: 12.051(26,1)) | 200 OK [http://localhost/2009/12/22?controller_action%5Bpage%5D=ControllerActionsController%23index&grouping=page&grouping_function=sum&interval=5&page=ControllerActionsController%23index&resource=total_time]
Dec 22 17:31:17 starbuck-2 rails[1000]: [4;36;1mSQL (0.1ms)[0m   [0;1mSET SQL_AUTO_IS_NULL=0[0m
Dec 22 17:31:17 starbuck-2 rails[1000]: Processing ControllerActionsController#index (for 127.0.0.1 at 2009-12-22 17:31:17) [GET]
Dec 22 17:31:17 starbuck-2 rails[1000]: Parameters: {"response"=>"", "commit"=>"GO", "month"=>"12", "grouping_function"=>"sum", "starts_at"=>"2009-12-22", "resource"=>"total_time", "grouping"=>"page", "server"=>"", "day"=>"22", "user_id"=>"", "year"=>"2009", "controller_action"=>{"page"=>""}, "interval"=>"5"}
Dec 22 17:31:17 starbuck-2 rails[1000]: Redirected to http://localhost:3000/2009/12/22?controller_action%5Bpage%5D=&grouping=page&grouping_function=sum&interval=5&resource=total_time
Dec 22 17:31:17 starbuck-2 rails[1000]: Filter chain halted as [:redirect_to_clean_url] rendered_or_redirected.
Dec 22 17:31:17 starbuck-2 rails[1000]: Completed in 1.320ms (View: 0.000, DB: 0.000(0,0)) | 302 Found [http://localhost/2009/12/22?starts_at=2009-12-22&server=&response=&user_id=&controller_action%5Bpage%5D=&interval=5&resource=total_time&grouping=page&grouping_function=sum&commit=GO]
Dec 22 17:31:17 starbuck-2 rails[1000]: [4;35;1mSQL (0.1ms)[0m   [0mSET SQL_AUTO_IS_NULL=0[0m
Dec 22 17:31:17 starbuck-2 rails[1000]: Processing ControllerActionsController#index (for 127.0.0.1 at 2009-12-22 17:31:17) [GET]
Dec 22 17:31:17 starbuck-2 rails[1000]: Parameters: {"month"=>"12", "grouping_function"=>"sum", "grouping"=>"page", "resource"=>"total_time", "day"=>"22", "year"=>"2009", "controller_action"=>{"page"=>""}, "interval"=>"5"}
Dec 22 17:31:17 starbuck-2 rails[1000]: [4;36;1mSQL (0.3ms)[0m   [0;1mSELECT DISTINCT host FROM log_data_2009_12_22 ORDER BY host ASC[0m
Dec 22 17:31:17 starbuck-2 rails[1000]: [4;35;1mSQL (0.1ms)[0m   [0mSELECT DISTINCT response_code FROM log_data_2009_12_22 ORDER BY response_code ASC[0m
Dec 22 17:31:17 starbuck-2 rails[1000]: [4;36;1mSQL (0.4ms)[0m   [0;1mshow tables[0m
Dec 22 17:31:17 starbuck-2 rails[1000]: [4;35;1mControllerAction_2009_12_22 Load (0.3ms)[0m   [0mSELECT * FROM `log_data_2009_12_22` LIMIT 1[0m
Dec 22 17:31:17 starbuck-2 rails[1000]: [4;36;1mSQL (0.9ms)[0m   [0;1mSELECT minute5, avg(other_time) as other_time, avg(db_time) as db_time, avg(view_time) as view_time FROM log_data_2009_12_22 GROUP BY 1[0m
Dec 22 17:31:17 starbuck-2 rails[1000]: Rendering template within layouts/controller_actions
Dec 22 17:31:17 starbuck-2 rails[1000]: Rendering /controller_actions/index.html.erb
Dec 22 17:31:17 starbuck-2 rails[1000]: [4;35;1mSQL (0.5ms)[0m   [0mshow tables[0m
Dec 22 17:31:17 starbuck-2 rails[1000]: [4;36;1mCACHE (0.0ms)[0m   [0;1mSELECT * FROM `log_data_2009_12_22` LIMIT 1[0m
Dec 22 17:31:17 starbuck-2 rails[1000]: [4;35;1mControllerAction Columns (1.4ms)[0m   [0mSHOW FIELDS FROM `controller_actions`[0m
Dec 22 17:31:17 starbuck-2 rails[1000]: [4;36;1mSQL (0.2ms)[0m   [0;1mselect count(id) from log_data_2009_12_22 [0m
Dec 22 17:31:17 starbuck-2 rails[1000]: [4;35;1mSQL (0.2ms)[0m   [0mSELECT count(*) AS count_all FROM `log_data_2009_12_22` [0m
Dec 22 17:31:17 starbuck-2 rails[1000]: [4;36;1mSQL (0.2ms)[0m   [0;1mselect count(distinct user_id) from log_data_2009_12_22 [0m
Dec 22 17:31:17 starbuck-2 rails[1000]: [4;35;1mSQL (0.2ms)[0m   [0mselect count(distinct user_id) from log_data_2009_12_22[0m
Dec 22 17:31:18 starbuck-2 rails[1000]: [4;36;1mSQL (0.3ms)[0m   [0;1mSELECT avg(other_time) as avg_other_time, avg(db_time) as avg_db_time, avg(view_time) as avg_view_time, avg(total_time) as avg_total_time, stddev_pop(other_time) as std_other_time, stddev_pop(db_time) as std_db_time, stddev_pop(view_time) as std_view_time, stddev_pop(total_time) as std_total_time FROM log_data_2009_12_22 [0m
Dec 22 17:31:18 starbuck-2 rails[1000]: [4;35;1mSQL (0.2ms)[0m   [0mSELECT avg(total_time) FROM (SELECT total_time FROM log_data_2009_12_22 ORDER BY total_time LIMIT 3 OFFSET 0) AS log[0m
Dec 22 17:31:18 starbuck-2 rails[1000]: [4;36;1mSQL (0.2ms)[0m   [0;1mSELECT avg(total_time) FROM (SELECT total_time FROM log_data_2009_12_22 ORDER BY total_time LIMIT 3 OFFSET 3) AS log[0m
Dec 22 17:31:18 starbuck-2 rails[1000]: [4;35;1mSQL (0.2ms)[0m   [0mSELECT avg(total_time) FROM (SELECT total_time FROM log_data_2009_12_22 ORDER BY total_time LIMIT 3 OFFSET 6) AS log[0m
Dec 22 17:31:18 starbuck-2 rails[1000]: [4;36;1mSQL (0.2ms)[0m   [0;1mSELECT avg(total_time) FROM (SELECT total_time FROM log_data_2009_12_22 ORDER BY total_time LIMIT 3 OFFSET 9) AS log[0m
Dec 22 17:31:18 starbuck-2 rails[1000]: [4;35;1mSQL (0.2ms)[0m   [0mSELECT avg(total_time) FROM (SELECT total_time FROM log_data_2009_12_22 ORDER BY total_time LIMIT 2 OFFSET 12) AS log[0m
Dec 22 17:31:18 starbuck-2 rails[1000]: [4;36;1mSQL (0.3ms)[0m   [0;1mselect count(id) from log_data_2009_12_22 WHERE (total_time < 100)[0m
Dec 22 17:31:18 starbuck-2 rails[1000]: [4;35;1mSQL (0.1ms)[0m   [0mselect count(id) from log_data_2009_12_22 WHERE (total_time < 500)[0m
Dec 22 17:31:18 starbuck-2 rails[1000]: [4;36;1mSQL (0.1ms)[0m   [0;1mselect count(id) from log_data_2009_12_22 WHERE (total_time >= 500 and total_time < 2000)[0m
Dec 22 17:31:18 starbuck-2 rails[1000]: [4;35;1mSQL (0.1ms)[0m   [0mselect count(id) from log_data_2009_12_22 WHERE ((total_time >= 2000) or (response_code = 500))[0m
Dec 22 17:31:18 starbuck-2 rails[1000]: [4;36;1mControllerAction_2009_12_22 Load (1.5ms)[0m   [0;1mSELECT page, count(id) AS number_of_requests, sum(total_time) AS sum, avg(total_time) AS avg, stddev_pop(total_time) AS stddev FROM log_data_2009_12_22 GROUP BY page ORDER BY sum DESC LIMIT 35[0m
Dec 22 17:31:18 starbuck-2 rails[1000]: [4;35;1mSQL (0.2ms)[0m   [0mselect sum(total_time) from log_data_2009_12_22 [0m
Dec 22 17:31:18 starbuck-2 rails[1000]: Rendered controller_actions/_statistics (8.7ms)
Dec 22 17:31:18 starbuck-2 rails[1000]: Completed in 223.868ms (View: 122.336, DB: 8.135(23,1)) | 200 OK [http://localhost/2009/12/22?controller_action%5Bpage%5D=&grouping=page&grouping_function=sum&interval=5&resource=total_time]
Dec 22 17:32:00 starbuck-2 rails[1000]: [4;36;1mSQL (0.1ms)[0m   [0;1mSET SQL_AUTO_IS_NULL=0[0m
Dec 22 17:32:00 starbuck-2 rails[1000]: Processing ControllerActionsController#enlarged_plot (for 127.0.0.1 at 2009-12-22 17:32:00) [GET]
Dec 22 17:32:00 starbuck-2 rails[1000]: Parameters: {"month"=>"12", "grouping_function"=>"sum", "grouping"=>"page", "resource"=>"total_time", "day"=>"22", "year"=>"2009", "controller_action"=>{"page"=>""}, "interval"=>"5"}
Dec 22 17:32:00 starbuck-2 rails[1000]: [4;35;1mSQL (0.3ms)[0m   [0mSELECT DISTINCT host FROM log_data_2009_12_22 ORDER BY host ASC[0m
Dec 22 17:32:00 starbuck-2 rails[1000]: [4;36;1mSQL (0.1ms)[0m   [0;1mSELECT DISTINCT response_code FROM log_data_2009_12_22 ORDER BY response_code ASC[0m
Dec 22 17:32:00 starbuck-2 rails[1000]: [4;35;1mSQL (0.5ms)[0m   [0mshow tables[0m
Dec 22 17:32:00 starbuck-2 rails[1000]: [4;36;1mControllerAction_2009_12_22 Load (0.2ms)[0m   [0;1mSELECT * FROM `log_data_2009_12_22` LIMIT 1[0m
Dec 22 17:32:00 starbuck-2 rails[1000]: [4;35;1mSQL (0.4ms)[0m   [0mSELECT minute5, avg(other_time) as other_time, avg(db_time) as db_time, avg(view_time) as view_time FROM log_data_2009_12_22 GROUP BY 1[0m
Dec 22 17:32:00 starbuck-2 rails[1000]: Rendering template within layouts/controller_actions
Dec 22 17:32:00 starbuck-2 rails[1000]: Rendering controller_actions/enlarged_plot
Dec 22 17:32:00 starbuck-2 rails[1000]: Completed in 102.963ms (View: 9.262, DB: 1.551(5,0)) | 200 OK [http://localhost/2009/12/22/enlarged_plot?controller_action%5Bpage%5D=&grouping=page&grouping_function=sum&interval=5&resource=total_time]
Dec 22 17:32:11 starbuck-2 rails[1000]: [4;36;1mSQL (0.1ms)[0m   [0;1mSET SQL_AUTO_IS_NULL=0[0m
Dec 22 17:32:11 starbuck-2 rails[1000]: Processing ControllerActionsController#auto_complete_for_controller_action_page (for 127.0.0.1 at 2009-12-22 17:32:11) [POST]
Dec 22 17:32:11 starbuck-2 rails[1000]: Parameters: {"controller_action"=>{"page"=>"contro"}}
Dec 22 17:32:11 starbuck-2 rails[1000]: [4;35;1mSQL (0.4ms)[0m   [0mshow tables[0m
Dec 22 17:32:11 starbuck-2 rails[1000]: [4;36;1mControllerAction_2009_12_22 Load (0.2ms)[0m   [0;1mSELECT * FROM `log_data_2009_12_22` LIMIT 1[0m
Dec 22 17:32:11 starbuck-2 rails[1000]: [4;35;1mSQL (128.2ms)[0m   [0mcreate table if not exists log_data_2009_12_21 like controller_actions[0m
Dec 22 17:32:11 starbuck-2 rails[1000]: [4;36;1mSQL (0.4ms)[0m   [0;1mSELECT DISTINCT page FROM log_data_2009_12_21 ORDER BY page ASC[0m
Dec 22 17:32:11 starbuck-2 rails[1000]: [4;35;1mSQL (0.1ms)[0m   [0mSELECT DISTINCT page FROM log_data_2009_12_21 ORDER BY page ASC[0m
Dec 22 17:32:11 starbuck-2 rails[1000]: [4;36;1mSQL (0.1ms)[0m   [0;1mSELECT DISTINCT page FROM log_data_2009_12_21 ORDER BY page ASC[0m
Dec 22 17:32:11 starbuck-2 rails[1000]: Completed in 140.945ms (View: 1.792, DB: 129.503(6,0)) | 200 OK [http://localhost/controller_actions/auto_complete_for_controller_action_page]
Dec 22 17:32:25 starbuck-2 rails[1010]: [4;36;1mSQL (0.1ms)[0m   [0;1mSET SQL_AUTO_IS_NULL=0[0m
Dec 22 17:32:25 starbuck-2 rails[1010]: [4;35;1mSQL (0.3ms)[0m   [0mSHOW TABLES[0m
Dec 22 17:32:25 starbuck-2 rails[1010]: [4;36;1mSQL (78.1ms)[0m   [0;1mCREATE TABLE `schema_migrations` (`version` varchar(255) NOT NULL) ENGINE=InnoDB[0m
Dec 22 17:32:25 starbuck-2 rails[1010]: [4;35;1mSQL (297.7ms)[0m   [0mCREATE UNIQUE INDEX `unique_schema_migrations` ON `schema_migrations` (`version`)[0m
Dec 22 17:32:25 starbuck-2 rails[1010]: [4;36;1mSQL (0.4ms)[0m   [0;1mSHOW TABLES[0m
Dec 22 17:32:25 starbuck-2 rails[1010]: [4;35;1mSQL (0.3ms)[0m   [0mSELECT version FROM schema_migrations[0m
Dec 22 17:32:25 starbuck-2 rails[1010]: Migrating to CreateControllerActions (20090708080254)
Dec 22 17:32:25 starbuck-2 rails[1010]: [4;36;1mSQL (73.7ms)[0m   [0;1mCREATE TABLE `controller_actions` (`id` int(11) DEFAULT NULL auto_increment PRIMARY KEY, `host` varchar(255) NOT NULL, `process_id` int(11) NOT NULL, `user_id` int(11) NOT NULL, `page` varchar(255) NOT NULL, `minute1` int(11) NOT NULL, `minute2` int(11) NOT NULL, `minute5` int(11) NOT NULL, `started_at` datetime NOT NULL, `response_code` int(11) NOT NULL, `total_time` float NOT NULL, `view_time` float NOT NULL, `db_time` float NOT NULL, `other_time` float NOT NULL, `db_calls` int(11) NOT NULL, `db_sql_query_cache_hits` int(11) NOT NULL) ENGINE=MyISAM[0m
Dec 22 17:32:25 starbuck-2 rails[1010]: [4;35;1mSQL (0.5ms)[0m   [0mINSERT INTO schema_migrations (version) VALUES ('20090708080254')[0m
Dec 22 17:32:25 starbuck-2 rails[1010]: Migrating to AddIndexesToControllerActions (20090709085133)
Dec 22 17:32:25 starbuck-2 rails[1010]: [4;36;1mSQL (99.1ms)[0m   [0;1mCREATE INDEX `index_controller_actions_on_page` ON `controller_actions` (`page`)[0m
Dec 22 17:32:25 starbuck-2 rails[1010]: [4;35;1mSQL (89.4ms)[0m   [0mCREATE INDEX `index_controller_actions_on_host` ON `controller_actions` (`host`)[0m
Dec 22 17:32:25 starbuck-2 rails[1010]: [4;36;1mSQL (77.5ms)[0m   [0;1mCREATE INDEX `index_controller_actions_on_response_code` ON `controller_actions` (`response_code`)[0m
Dec 22 17:32:25 starbuck-2 rails[1010]: [4;35;1mSQL (78.8ms)[0m   [0mCREATE INDEX `index_controller_actions_on_user_id` ON `controller_actions` (`user_id`)[0m
Dec 22 17:32:25 starbuck-2 rails[1010]: [4;36;1mSQL (89.1ms)[0m   [0;1mCREATE INDEX `index_controller_actions_on_minute1` ON `controller_actions` (`minute1`)[0m
Dec 22 17:32:25 starbuck-2 rails[1010]: [4;35;1mSQL (77.6ms)[0m   [0mCREATE INDEX `index_controller_actions_on_minute2` ON `controller_actions` (`minute2`)[0m
Dec 22 17:32:26 starbuck-2 rails[1010]: [4;36;1mSQL (89.0ms)[0m   [0;1mCREATE INDEX `index_controller_actions_on_minute5` ON `controller_actions` (`minute5`)[0m
Dec 22 17:32:26 starbuck-2 rails[1010]: [4;35;1mSQL (78.3ms)[0m   [0mCREATE INDEX `index_controller_actions_on_total_time` ON `controller_actions` (`total_time`)[0m
Dec 22 17:32:26 starbuck-2 rails[1010]: [4;36;1mSQL (67.0ms)[0m   [0;1mCREATE INDEX `index_controller_actions_on_other_time` ON `controller_actions` (`other_time`)[0m
Dec 22 17:32:26 starbuck-2 rails[1010]: [4;35;1mSQL (66.2ms)[0m   [0mCREATE INDEX `index_controller_actions_on_view_time` ON `controller_actions` (`view_time`)[0m
Dec 22 17:32:26 starbuck-2 rails[1010]: [4;36;1mSQL (66.9ms)[0m   [0;1mCREATE INDEX `index_controller_actions_on_db_time` ON `controller_actions` (`db_time`)[0m
Dec 22 17:32:26 starbuck-2 rails[1010]: [4;35;1mSQL (0.5ms)[0m   [0mINSERT INTO schema_migrations (version) VALUES ('20090709085133')[0m
Dec 22 17:32:26 starbuck-2 rails[1010]: Migrating to CreateLogfileImportRecords (20090805132300)
Dec 22 17:32:26 starbuck-2 rails[1010]: [4;36;1mSQL (97.1ms)[0m   [0;1mCREATE TABLE `logfile_import_records` (`id` int(11) DEFAULT NULL auto_increment PRIMARY KEY, `md5hash` varchar(255), `created_at` datetime) ENGINE=InnoDB[0m
Dec 22 17:32:26 starbuck-2 rails[1010]: [4;35;1mSQL (90.2ms)[0m   [0mCREATE INDEX `index_logfile_import_records_on_md5hash` ON `logfile_import_records` (`md5hash`)[0m
Dec 22 17:32:26 starbuck-2 rails[1010]: [4;36;1mSQL (0.4ms)[0m   [0;1mINSERT INTO schema_migrations (version) VALUES ('20090805132300')[0m
Dec 22 17:32:26 starbuck-2 rails[1010]: [4;35;1mSQL (0.7ms)[0m   [0mSHOW TABLES[0m
Dec 22 17:32:26 starbuck-2 rails[1010]: [4;36;1mSQL (0.2ms)[0m   [0;1mSELECT version FROM schema_migrations[0m
Dec 22 17:32:26 starbuck-2 rails[1010]: [4;35;1mSQL (0.2ms)[0m   [0mSHOW TABLES[0m
Dec 22 17:32:26 starbuck-2 rails[1010]: [4;36;1mSQL (1.4ms)[0m   [0;1mSHOW FIELDS FROM `controller_actions`[0m
Dec 22 17:32:26 starbuck-2 rails[1010]: [4;35;1mSQL (2.1ms)[0m   [0mdescribe `controller_actions`[0m
Dec 22 17:32:26 starbuck-2 rails[1010]: [4;36;1mSQL (0.3ms)[0m   [0;1mSHOW KEYS FROM `controller_actions`[0m
Dec 22 17:32:26 starbuck-2 rails[1010]: [4;35;1mSQL (1.0ms)[0m   [0mSHOW FIELDS FROM `logfile_import_records`[0m
Dec 22 17:32:26 starbuck-2 rails[1010]: [4;36;1mSQL (0.8ms)[0m   [0;1mdescribe `logfile_import_records`[0m
Dec 22 17:32:26 starbuck-2 rails[1010]: [4;35;1mSQL (0.6ms)[0m   [0mSHOW KEYS FROM `logfile_import_records`[0m
Dec 22 17:32:29 starbuck-2 rails[1015]: [4;36;1mSQL (0.1ms)[0m   [0;1mSET SQL_AUTO_IS_NULL=0[0m
Dec 22 17:32:29 starbuck-2 rails[1015]: [4;35;1mLogfileImportRecord Columns (1.1ms)[0m   [0mSHOW FIELDS FROM `logfile_import_records`[0m
Dec 22 17:32:29 starbuck-2 rails[1015]: [4;36;1mLogfileImportRecord Load (0.4ms)[0m   [0;1mSELECT * FROM `logfile_import_records` WHERE (`logfile_import_records`.`md5hash` = 'c2cc3b3350aefce6249575202a0ab7b8') LIMIT 1[0m
Dec 22 17:32:29 starbuck-2 rails[1015]: [4;35;1mControllerAction Columns (1.4ms)[0m   [0mSHOW FIELDS FROM `controller_actions`[0m
Dec 22 17:32:30 starbuck-2 rails[1015]: [4;36;1mSQL (48.9ms)[0m   [0;1mcreate table if not exists log_data_2009_12_22 like controller_actions[0m
Dec 22 17:32:30 starbuck-2 rails[1015]: [4;35;1mSQL (30.5ms)[0m   [0mload data local infile '/tmp/logfile-2009-12-22-1015.csv' into table log_data_2009_12_22 fields terminated by ',' (host,process_id,user_id,page,minute1,minute2,minute5,started_at,response_code,total_time,view_time,db_time,other_time,db_calls,db_sql_query_cache_hits) [0m
Dec 22 17:32:30 starbuck-2 rails[1015]: [4;36;1mSQL (0.1ms)[0m   [0;1mBEGIN[0m
Dec 22 17:32:30 starbuck-2 rails[1015]: [4;35;1mLogfileImportRecord Create (0.3ms)[0m   [0mINSERT INTO `logfile_import_records` (`md5hash`, `created_at`) VALUES('c2cc3b3350aefce6249575202a0ab7b8', '2009-12-22 16:32:30')[0m
Dec 22 17:32:30 starbuck-2 rails[1015]: [4;36;1mSQL (0.4ms)[0m   [0;1mCOMMIT[0m
Dec 22 17:32:36 starbuck-2 rails[1021]: [4;36;1mSQL (0.2ms)[0m   [0;1mSET SQL_AUTO_IS_NULL=0[0m
Dec 22 17:32:36 starbuck-2 rails[1021]: Processing ControllerActionsController#index (for 127.0.0.1 at 2009-12-22 17:32:36) [GET]
Dec 22 17:32:36 starbuck-2 rails[1021]: Parameters: {"month"=>"12", "grouping_function"=>"sum", "grouping"=>"page", "resource"=>"total_time", "day"=>"22", "year"=>"2009", "controller_action"=>{"page"=>""}, "interval"=>"5"}
Dec 22 17:32:36 starbuck-2 rails[1021]: [4;35;1mSQL (0.2ms)[0m   [0mcreate table if not exists log_data_2009_12_22 like controller_actions[0m
Dec 22 17:32:36 starbuck-2 rails[1021]: [4;36;1mSQL (0.4ms)[0m   [0;1mSELECT DISTINCT host FROM log_data_2009_12_22 ORDER BY host ASC[0m
Dec 22 17:32:36 starbuck-2 rails[1021]: [4;35;1mSQL (0.1ms)[0m   [0mSELECT DISTINCT response_code FROM log_data_2009_12_22 ORDER BY response_code ASC[0m
Dec 22 17:32:36 starbuck-2 rails[1021]: [4;36;1mSQL (0.4ms)[0m   [0;1mshow tables[0m
Dec 22 17:32:36 starbuck-2 rails[1021]: [4;35;1mControllerAction_2009_12_22 Columns (1.3ms)[0m   [0mSHOW FIELDS FROM `log_data_2009_12_22`[0m
Dec 22 17:32:36 starbuck-2 rails[1021]: [4;36;1mControllerAction_2009_12_22 Load (0.3ms)[0m   [0;1mSELECT * FROM `log_data_2009_12_22` LIMIT 1[0m
Dec 22 17:32:36 starbuck-2 rails[1021]: [4;35;1mSQL (1.2ms)[0m   [0mSELECT minute5, avg(other_time) as other_time, avg(db_time) as db_time, avg(view_time) as view_time FROM log_data_2009_12_22 GROUP BY 1[0m
Dec 22 17:32:36 starbuck-2 rails[1021]: Rendering template within layouts/controller_actions
Dec 22 17:32:36 starbuck-2 rails[1021]: Rendering /controller_actions/index.html.erb
Dec 22 17:32:36 starbuck-2 rails[1021]: [4;36;1mSQL (0.5ms)[0m   [0;1mshow tables[0m
Dec 22 17:32:36 starbuck-2 rails[1021]: [4;35;1mCACHE (0.0ms)[0m   [0mSELECT * FROM `log_data_2009_12_22` LIMIT 1[0m
Dec 22 17:32:36 starbuck-2 rails[1021]: [4;36;1mControllerAction Columns (1.3ms)[0m   [0;1mSHOW FIELDS FROM `controller_actions`[0m
Dec 22 17:32:36 starbuck-2 rails[1021]: [4;35;1mSQL (0.2ms)[0m   [0mselect count(id) from log_data_2009_12_22 [0m
Dec 22 17:32:36 starbuck-2 rails[1021]: [4;36;1mSQL (0.2ms)[0m   [0;1mSELECT count(*) AS count_all FROM `log_data_2009_12_22` [0m
Dec 22 17:32:36 starbuck-2 rails[1021]: [4;35;1mSQL (0.3ms)[0m   [0mselect count(distinct user_id) from log_data_2009_12_22 [0m
Dec 22 17:32:36 starbuck-2 rails[1021]: [4;36;1mSQL (0.2ms)[0m   [0;1mselect count(distinct user_id) from log_data_2009_12_22[0m
Dec 22 17:32:36 starbuck-2 rails[1021]: [4;35;1mSQL (0.3ms)[0m   [0mSELECT avg(other_time) as avg_other_time, avg(db_time) as avg_db_time, avg(view_time) as avg_view_time, avg(total_time) as avg_total_time, stddev_pop(other_time) as std_other_time, stddev_pop(db_time) as std_db_time, stddev_pop(view_time) as std_view_time, stddev_pop(total_time) as std_total_time FROM log_data_2009_12_22 [0m
Dec 22 17:32:36 starbuck-2 rails[1021]: [4;36;1mSQL (0.2ms)[0m   [0;1mSELECT avg(total_time) FROM (SELECT total_time FROM log_data_2009_12_22 ORDER BY total_time LIMIT 4 OFFSET 0) AS log[0m
Dec 22 17:32:36 starbuck-2 rails[1021]: [4;35;1mSQL (0.1ms)[0m   [0mSELECT avg(total_time) FROM (SELECT total_time FROM log_data_2009_12_22 ORDER BY total_time LIMIT 4 OFFSET 4) AS log[0m
Dec 22 17:32:36 starbuck-2 rails[1021]: [4;36;1mSQL (0.1ms)[0m   [0;1mSELECT avg(total_time) FROM (SELECT total_time FROM log_data_2009_12_22 ORDER BY total_time LIMIT 4 OFFSET 8) AS log[0m
Dec 22 17:32:36 starbuck-2 rails[1021]: [4;35;1mSQL (0.1ms)[0m   [0mSELECT avg(total_time) FROM (SELECT total_time FROM log_data_2009_12_22 ORDER BY total_time LIMIT 4 OFFSET 12) AS log[0m
Dec 22 17:32:36 starbuck-2 rails[1021]: [4;36;1mSQL (0.2ms)[0m   [0;1mSELECT avg(total_time) FROM (SELECT total_time FROM log_data_2009_12_22 ORDER BY total_time LIMIT 3 OFFSET 16) AS log[0m
Dec 22 17:32:36 starbuck-2 rails[1021]: [4;35;1mSQL (0.2ms)[0m   [0mselect count(id) from log_data_2009_12_22 WHERE (total_time < 100)[0m
Dec 22 17:32:36 starbuck-2 rails[1021]: [4;36;1mSQL (0.1ms)[0m   [0;1mselect count(id) from log_data_2009_12_22 WHERE (total_time < 500)[0m
Dec 22 17:32:36 starbuck-2 rails[1021]: [4;35;1mSQL (0.1ms)[0m   [0mselect count(id) from log_data_2009_12_22 WHERE (total_time >= 500 and total_time < 2000)[0m
Dec 22 17:32:36 starbuck-2 rails[1021]: [4;36;1mSQL (0.1ms)[0m   [0;1mselect count(id) from log_data_2009_12_22 WHERE ((total_time >= 2000) or (response_code = 500))[0m
Dec 22 17:32:36 starbuck-2 rails[1021]: [4;35;1mControllerAction_2009_12_22 Load (1.7ms)[0m   [0mSELECT page, count(id) AS number_of_requests, sum(total_time) AS sum, avg(total_time) AS avg, stddev_pop(total_time) AS stddev FROM log_data_2009_12_22 GROUP BY page ORDER BY sum DESC LIMIT 35[0m
Dec 22 17:32:36 starbuck-2 rails[1021]: [4;36;1mSQL (0.2ms)[0m   [0;1mselect sum(total_time) from log_data_2009_12_22 [0m
Dec 22 17:32:36 starbuck-2 rails[1021]: Rendered controller_actions/_statistics (20.8ms)
Dec 22 17:32:36 starbuck-2 rails[1021]: Completed in 237.780ms (View: 85.519, DB: 10.307(25,1)) | 200 OK [http://localhost/2009/12/22?controller_action%5Bpage%5D=&grouping=page&grouping_function=sum&interval=5&resource=total_time]
